25-10-2018 13:14:59.443 [main] ERROR o.s.boot.SpringApplication.reportFailure - Application run failed
java.lang.IllegalStateException: Logback configuration error detected: 
ERROR in ch.qos.logback.core.joran.spi.Interpreter@23:87 - no applicable action for [rollingPolicy], current ElementPath  is [[configuration][appender][rollingPolicy]]
ERROR in ch.qos.logback.core.joran.spi.Interpreter@24:27 - no applicable action for [fileNamePattern], current ElementPath  is [[configuration][appender][rollingPolicy][fileNamePattern]]
ERROR in ch.qos.logback.core.joran.spi.Interpreter@27:23 - no applicable action for [maxFileSize], current ElementPath  is [[configuration][appender][rollingPolicy][maxFileSize]]
ERROR in ch.qos.logback.core.joran.spi.Interpreter@28:22 - no applicable action for [maxHistory], current ElementPath  is [[configuration][appender][rollingPolicy][maxHistory]]
ERROR in ch.qos.logback.core.joran.spi.Interpreter@29:24 - no applicable action for [totalSizeCap], current ElementPath  is [[configuration][appender][rollingPolicy][totalSizeCap]]
	at org.springframework.boot.logging.logback.LogbackLoggingSystem.loadConfiguration(LogbackLoggingSystem.java:169)
	at org.springframework.boot.logging.AbstractLoggingSystem.initializeWithConventions(AbstractLoggingSystem.java:82)
	at org.springframework.boot.logging.AbstractLoggingSystem.initialize(AbstractLoggingSystem.java:60)
	at org.springframework.boot.logging.logback.LogbackLoggingSystem.initialize(LogbackLoggingSystem.java:117)
	at org.springframework.boot.context.logging.LoggingApplicationListener.initializeSystem(LoggingApplicationListener.java:264)
	at org.springframework.boot.context.logging.LoggingApplicationListener.initialize(LoggingApplicationListener.java:237)
	at org.springframework.boot.context.logging.LoggingApplicationListener.onApplicationEnvironmentPreparedEvent(LoggingApplicationListener.java:200)
	at org.springframework.boot.context.logging.LoggingApplicationListener.onApplicationEvent(LoggingApplicationListener.java:173)
	at org.springframework.context.event.SimpleApplicationEventMulticaster.doInvokeListener(SimpleApplicationEventMulticaster.java:172)
	at org.springframework.context.event.SimpleApplicationEventMulticaster.invokeListener(SimpleApplicationEventMulticaster.java:165)
	at org.springframework.context.event.SimpleApplicationEventMulticaster.multicastEvent(SimpleApplicationEventMulticaster.java:139)
	at org.springframework.context.event.SimpleApplicationEventMulticaster.multicastEvent(SimpleApplicationEventMulticaster.java:127)
	at org.springframework.boot.context.event.EventPublishingRunListener.environmentPrepared(EventPublishingRunListener.java:74)
	at org.springframework.boot.SpringApplicationRunListeners.environmentPrepared(SpringApplicationRunListeners.java:54)
	at org.springframework.boot.SpringApplication.prepareEnvironment(SpringApplication.java:338)
	at org.springframework.boot.SpringApplication.run(SpringApplication.java:297)
	at org.springframework.boot.SpringApplication.run(SpringApplication.java:1242)
	at org.springframework.boot.SpringApplication.run(SpringApplication.java:1230)
	at com.cdr.sdtm.CdrSdtmApplication.main(CdrSdtmApplication.java:11)
25-10-2018 13:20:13.556 [main] INFO  com.cdr.sdtm.CdrSdtmApplication.logStarting - Starting CdrSdtmApplication on USHYDHCHITTA7 with PID 1728 (started by hchitta in C:\Users\hchitta\Desktop\Spring Boot\SB-WS\CDR-SDTM)
25-10-2018 13:20:13.562 [main] INFO  com.cdr.sdtm.CdrSdtmApplication.logStartupProfileInfo - No active profile set, falling back to default profiles: default
25-10-2018 13:20:13.606 [main] INFO  o.s.b.w.s.c.AnnotationConfigServletWebServerApplicationContext.prepareRefresh - Refreshing org.springframework.boot.web.servlet.context.AnnotationConfigServletWebServerApplicationContext@27ce24aa: startup date [Thu Oct 25 13:20:13 IST 2018]; root of context hierarchy
25-10-2018 13:20:15.129 [main] INFO  o.s.c.s.PostProcessorRegistrationDelegate$BeanPostProcessorChecker.postProcessAfterInitialization - Bean 'org.springframework.transaction.annotation.ProxyTransactionManagementConfiguration' of type [org.springframework.transaction.annotation.ProxyTransactionManagementConfiguration$$EnhancerBySpringCGLIB$$90431b82] is not eligible for getting processed by all BeanPostProcessors (for example: not eligible for auto-proxying)
25-10-2018 13:20:15.708 [main] INFO  o.s.b.w.e.tomcat.TomcatWebServer.initialize - Tomcat initialized with port(s): 8080 (http)
25-10-2018 13:20:15.722 [main] INFO  o.a.coyote.http11.Http11NioProtocol.log - Initializing ProtocolHandler ["http-nio-8080"]
25-10-2018 13:20:15.734 [main] INFO  o.a.catalina.core.StandardService.log - Starting service [Tomcat]
25-10-2018 13:20:15.734 [main] INFO  o.a.catalina.core.StandardEngine.log - Starting Servlet Engine: Apache Tomcat/8.5.34
25-10-2018 13:20:15.739 [localhost-startStop-1] INFO  o.a.c.core.AprLifecycleListener.log - The APR based Apache Tomcat Native library which allows optimal performance in production environments was not found on the java.library.path: [C:\Program Files\Java\jdk1.8.0_181\bin;C:\WINDOWS\Sun\Java\bin;C:\WINDOWS\system32;C:\WINDOWS;C:/Program Files/Java/jdk1.8.0_181/bin/../jre/bin/server;C:/Program Files/Java/jdk1.8.0_181/bin/../jre/bin;C:/Program Files/Java/jdk1.8.0_181/bin/../jre/lib/amd64;C:\WINDOWS\system32;C:\WINDOWS;C:\WINDOWS\System32\Wbem;C:\Program Files\Java\jdk1.8.0_181\bin;C:\Program Files (x86)\Common Files\Oracle\Java\javapath;C:\Program Files (x86)\Intel\Intel(R) Management Engine Components\iCLS\;C:\Program Files\Intel\Intel(R) Management Engine Components\iCLS\;C:\WINDOWS\system32;C:\WINDOWS;C:\WINDOWS\System32\Wbem;C:\WINDOWS\System32\WindowsPowerShell\v1.0\;C:\Program Files (x86)\Intel\Intel(R) Management Engine Components\DAL;C:\Program Files\Intel\Intel(R) Management Engine Components\DAL;C:\Program Files (x86)\Intel\Intel(R) Management Engine Components\IPT;C:\Program Files\Intel\Intel(R) Management Engine Components\IPT;C:\Program Files\Intel\WiFi\bin\;C:\Program Files\Common Files\Intel\WirelessCommon\;C:\Users\hchitta\AppData\Local\Microsoft\WindowsApps;C:\Program Files\nodejs\;C:\Program Files\Microsoft VS Code\bin;C:\Program Files\Git\cmd;C:\Program Files\MongoDB\Server\4.0\bin;C:\HashiCorp\Vagrant\bin;C:\Program Files\PuTTY\;C:\Users\hchitta\AppData\Local\Microsoft\WindowsApps;C:\Users\hchitta\AppData\Roaming\npm;C:\Program Files\Java\jdk1.7.0_55\bin;C:\Users\hchitta\AppData\Local\atom\bin;C:\Users\hchitta\Desktop\Spring Boot\sts-4;;.]
25-10-2018 13:20:15.948 [localhost-startStop-1] INFO  o.a.c.c.C.[Tomcat].[localhost].[/].log - Initializing Spring embedded WebApplicationContext
25-10-2018 13:20:15.948 [localhost-startStop-1] INFO  o.s.web.context.ContextLoader.prepareWebApplicationContext - Root WebApplicationContext: initialization completed in 2343 ms
25-10-2018 13:20:16.112 [localhost-startStop-1] INFO  o.s.b.w.s.ServletRegistrationBean.addRegistration - Servlet dispatcherServlet mapped to [/]
25-10-2018 13:20:16.118 [localhost-startStop-1] INFO  o.s.b.w.s.FilterRegistrationBean.configure - Mapping filter: 'characterEncodingFilter' to: [/*]
25-10-2018 13:20:16.118 [localhost-startStop-1] INFO  o.s.b.w.s.FilterRegistrationBean.configure - Mapping filter: 'hiddenHttpMethodFilter' to: [/*]
25-10-2018 13:20:16.118 [localhost-startStop-1] INFO  o.s.b.w.s.FilterRegistrationBean.configure - Mapping filter: 'httpPutFormContentFilter' to: [/*]
25-10-2018 13:20:16.119 [localhost-startStop-1] INFO  o.s.b.w.s.FilterRegistrationBean.configure - Mapping filter: 'requestContextFilter' to: [/*]
25-10-2018 13:20:16.306 [main] INFO  com.zaxxer.hikari.HikariDataSource.getConnection - HikariPool-1 - Starting...
25-10-2018 13:20:16.962 [main] INFO  com.zaxxer.hikari.HikariDataSource.getConnection - HikariPool-1 - Start completed.
25-10-2018 13:20:17.016 [main] INFO  o.s.o.j.LocalContainerEntityManagerFactoryBean.createNativeEntityManagerFactory - Building JPA container EntityManagerFactory for persistence unit 'default'
25-10-2018 13:20:17.029 [main] INFO  o.h.jpa.internal.util.LogHelper.logPersistenceUnitInformation - HHH000204: Processing PersistenceUnitInfo [
	name: default
	...]
25-10-2018 13:20:17.140 [main] INFO  org.hibernate.Version.logVersion - HHH000412: Hibernate Core {5.2.17.Final}
25-10-2018 13:20:17.142 [main] INFO  org.hibernate.cfg.Environment.<clinit> - HHH000206: hibernate.properties not found
25-10-2018 13:20:17.203 [main] INFO  o.h.annotations.common.Version.<clinit> - HCANN000001: Hibernate Commons Annotations {5.0.1.Final}
25-10-2018 13:20:17.597 [main] INFO  org.hibernate.dialect.Dialect.<init> - HHH000400: Using dialect: org.hibernate.dialect.MySQL5Dialect
25-10-2018 13:20:18.231 [main] INFO  o.s.o.j.LocalContainerEntityManagerFactoryBean.buildNativeEntityManagerFactory - Initialized JPA EntityManagerFactory for persistence unit 'default'
25-10-2018 13:20:18.684 [main] INFO  o.s.w.s.h.SimpleUrlHandlerMapping.registerHandler - Mapped URL path [/**/favicon.ico] onto handler of type [class org.springframework.web.servlet.resource.ResourceHttpRequestHandler]
25-10-2018 13:20:18.948 [main] INFO  o.s.w.s.m.m.a.RequestMappingHandlerAdapter.initControllerAdviceCache - Looking for @ControllerAdvice: org.springframework.boot.web.servlet.context.AnnotationConfigServletWebServerApplicationContext@27ce24aa: startup date [Thu Oct 25 13:20:13 IST 2018]; root of context hierarchy
25-10-2018 13:20:18.980 [main] WARN  o.s.b.a.o.j.JpaBaseConfiguration$JpaWebConfiguration$JpaWebMvcConfiguration.openEntityManagerInViewInterceptor - spring.jpa.open-in-view is enabled by default. Therefore, database queries may be performed during view rendering. Explicitly configure spring.jpa.open-in-view to disable this warning
25-10-2018 13:20:19.019 [main] INFO  o.s.w.s.m.m.a.RequestMappingHandlerMapping.register - Mapped "{[/api/CDR/study/update/{id}],methods=[PUT]}" onto public org.springframework.http.ResponseEntity<java.lang.String> com.cdr.sdtm.controller.StudyController.updateStudy(int,com.cdr.sdtm.model.Study)
25-10-2018 13:20:19.021 [main] INFO  o.s.w.s.m.m.a.RequestMappingHandlerMapping.register - Mapped "{[/api/CDR/study/search],methods=[GET]}" onto public java.util.List<com.cdr.sdtm.model.Study> com.cdr.sdtm.controller.StudyController.getStudyById(java.lang.String,java.lang.String,java.lang.String,java.lang.String,java.lang.String)
25-10-2018 13:20:19.021 [main] INFO  o.s.w.s.m.m.a.RequestMappingHandlerMapping.register - Mapped "{[/api/CDR/study/validate/{studyID}],methods=[GET]}" onto public java.util.List<com.cdr.sdtm.model.Study> com.cdr.sdtm.controller.StudyController.getAllStudies(java.lang.String)
25-10-2018 13:20:19.022 [main] INFO  o.s.w.s.m.m.a.RequestMappingHandlerMapping.register - Mapped "{[/api/CDR/study/delete/{studyID}],methods=[DELETE]}" onto public org.springframework.http.ResponseEntity<java.lang.String> com.cdr.sdtm.controller.StudyController.deleteStudy(int)
25-10-2018 13:20:19.022 [main] INFO  o.s.w.s.m.m.a.RequestMappingHandlerMapping.register - Mapped "{[/api/CDR/study/create],methods=[POST]}" onto public org.springframework.http.ResponseEntity<java.lang.String> com.cdr.sdtm.controller.StudyController.saveStudy(com.cdr.sdtm.model.Study)
25-10-2018 13:20:19.023 [main] INFO  o.s.w.s.m.m.a.RequestMappingHandlerMapping.register - Mapped "{[/api/CDR/login],methods=[GET]}" onto public org.springframework.http.ResponseEntity<com.cdr.sdtm.model.CdrUser> com.cdr.sdtm.controller.UserController.validateUser(java.lang.String,java.lang.String)
25-10-2018 13:20:19.025 [main] INFO  o.s.w.s.m.m.a.RequestMappingHandlerMapping.register - Mapped "{[/error]}" onto public org.springframework.http.ResponseEntity<java.util.Map<java.lang.String, java.lang.Object>> org.springframework.boot.autoconfigure.web.servlet.error.BasicErrorController.error(javax.servlet.http.HttpServletRequest)
25-10-2018 13:20:19.026 [main] INFO  o.s.w.s.m.m.a.RequestMappingHandlerMapping.register - Mapped "{[/error],produces=[text/html]}" onto public org.springframework.web.servlet.ModelAndView org.springframework.boot.autoconfigure.web.servlet.error.BasicErrorController.errorHtml(javax.servlet.http.HttpServletRequest,javax.servlet.http.HttpServletResponse)
25-10-2018 13:20:19.065 [main] INFO  o.s.w.s.h.SimpleUrlHandlerMapping.registerHandler - Mapped URL path [/webjars/**] onto handler of type [class org.springframework.web.servlet.resource.ResourceHttpRequestHandler]
25-10-2018 13:20:19.065 [main] INFO  o.s.w.s.h.SimpleUrlHandlerMapping.registerHandler - Mapped URL path [/**] onto handler of type [class org.springframework.web.servlet.resource.ResourceHttpRequestHandler]
25-10-2018 13:20:19.110 [main] INFO  o.s.b.a.w.s.WelcomePageHandlerMapping.<init> - Adding welcome page: class path resource [static/index.html]
25-10-2018 13:20:19.342 [main] INFO  o.s.j.e.a.AnnotationMBeanExporter.afterSingletonsInstantiated - Registering beans for JMX exposure on startup
25-10-2018 13:20:19.344 [main] INFO  o.s.j.e.a.AnnotationMBeanExporter.autodetect - Bean with name 'dataSource' has been autodetected for JMX exposure
25-10-2018 13:20:19.349 [main] INFO  o.s.j.e.a.AnnotationMBeanExporter.registerBeanInstance - Located MBean 'dataSource': registering with JMX server as MBean [com.zaxxer.hikari:name=dataSource,type=HikariDataSource]
25-10-2018 13:20:19.360 [main] INFO  o.a.coyote.http11.Http11NioProtocol.log - Starting ProtocolHandler ["http-nio-8080"]
25-10-2018 13:20:19.373 [main] INFO  o.a.tomcat.util.net.NioSelectorPool.log - Using a shared selector for servlet write/read
25-10-2018 13:20:19.390 [main] INFO  o.s.b.w.e.tomcat.TomcatWebServer.start - Tomcat started on port(s): 8080 (http) with context path ''
25-10-2018 13:20:19.393 [main] INFO  com.cdr.sdtm.CdrSdtmApplication.logStarted - Started CdrSdtmApplication in 6.318 seconds (JVM running for 7.356)
25-10-2018 13:20:31.636 [http-nio-8080-exec-1] INFO  o.a.c.c.C.[Tomcat].[localhost].[/].log - Initializing Spring FrameworkServlet 'dispatcherServlet'
25-10-2018 13:20:31.636 [http-nio-8080-exec-1] INFO  o.s.web.servlet.DispatcherServlet.initServletBean - FrameworkServlet 'dispatcherServlet': initialization started
25-10-2018 13:20:31.663 [http-nio-8080-exec-1] INFO  o.s.web.servlet.DispatcherServlet.initServletBean - FrameworkServlet 'dispatcherServlet': initialization completed in 26 ms
25-10-2018 13:20:31.718 [http-nio-8080-exec-1] INFO  o.h.h.i.QueryTranslatorFactoryInitiator.initiateService - HHH000397: Using ASTQueryTranslatorFactory
25-10-2018 13:20:31.854 [http-nio-8080-exec-1] INFO  c.cdr.sdtm.controller.UserController.validateUser - User exists with provided username and password
25-10-2018 13:22:32.733 [RMI TCP Connection(2)-127.0.0.1] INFO  o.s.b.a.SpringApplicationAdminMXBeanRegistrar$SpringApplicationAdmin.shutdown - Application shutdown requested.
25-10-2018 13:22:32.734 [RMI TCP Connection(2)-127.0.0.1] INFO  o.s.b.w.s.c.AnnotationConfigServletWebServerApplicationContext.doClose - Closing org.springframework.boot.web.servlet.context.AnnotationConfigServletWebServerApplicationContext@27ce24aa: startup date [Thu Oct 25 13:20:13 IST 2018]; root of context hierarchy
25-10-2018 13:22:32.736 [RMI TCP Connection(2)-127.0.0.1] INFO  o.s.j.e.a.AnnotationMBeanExporter.destroy - Unregistering JMX-exposed beans on shutdown
25-10-2018 13:22:32.737 [RMI TCP Connection(2)-127.0.0.1] INFO  o.s.j.e.a.AnnotationMBeanExporter.unregisterBeans - Unregistering JMX-exposed beans
25-10-2018 13:22:32.738 [RMI TCP Connection(2)-127.0.0.1] INFO  o.s.o.j.LocalContainerEntityManagerFactoryBean.destroy - Closing JPA EntityManagerFactory for persistence unit 'default'
25-10-2018 13:22:32.739 [RMI TCP Connection(2)-127.0.0.1] INFO  com.zaxxer.hikari.HikariDataSource.close - HikariPool-1 - Shutdown initiated...
25-10-2018 13:22:32.749 [RMI TCP Connection(2)-127.0.0.1] INFO  com.zaxxer.hikari.HikariDataSource.close - HikariPool-1 - Shutdown completed.
25-10-2018 16:01:18.558 [main] INFO  com.cdr.sdtm.CdrSdtmApplication.logStarting - Starting CdrSdtmApplication on USHYDHCHITTA7 with PID 17328 (started by hchitta in C:\Users\hchitta\Desktop\Spring Boot\SB-WS\CDR-SDTM)
25-10-2018 16:01:18.563 [main] INFO  com.cdr.sdtm.CdrSdtmApplication.logStartupProfileInfo - No active profile set, falling back to default profiles: default
25-10-2018 16:01:18.617 [main] INFO  o.s.b.w.s.c.AnnotationConfigServletWebServerApplicationContext.prepareRefresh - Refreshing org.springframework.boot.web.servlet.context.AnnotationConfigServletWebServerApplicationContext@130161f7: startup date [Thu Oct 25 16:01:18 IST 2018]; root of context hierarchy
25-10-2018 16:01:19.879 [main] INFO  o.s.c.s.PostProcessorRegistrationDelegate$BeanPostProcessorChecker.postProcessAfterInitialization - Bean 'org.springframework.transaction.annotation.ProxyTransactionManagementConfiguration' of type [org.springframework.transaction.annotation.ProxyTransactionManagementConfiguration$$EnhancerBySpringCGLIB$$404d330d] is not eligible for getting processed by all BeanPostProcessors (for example: not eligible for auto-proxying)
25-10-2018 16:01:20.404 [main] INFO  o.s.b.w.e.tomcat.TomcatWebServer.initialize - Tomcat initialized with port(s): 8080 (http)
25-10-2018 16:01:20.423 [main] INFO  o.a.coyote.http11.Http11NioProtocol.log - Initializing ProtocolHandler ["http-nio-8080"]
25-10-2018 16:01:20.438 [main] INFO  o.a.catalina.core.StandardService.log - Starting service [Tomcat]
25-10-2018 16:01:20.438 [main] INFO  o.a.catalina.core.StandardEngine.log - Starting Servlet Engine: Apache Tomcat/8.5.34
25-10-2018 16:01:20.443 [localhost-startStop-1] INFO  o.a.c.core.AprLifecycleListener.log - The APR based Apache Tomcat Native library which allows optimal performance in production environments was not found on the java.library.path: [C:\Program Files\Java\jdk1.8.0_181\bin;C:\WINDOWS\Sun\Java\bin;C:\WINDOWS\system32;C:\WINDOWS;C:/Program Files/Java/jdk1.8.0_181/bin/../jre/bin/server;C:/Program Files/Java/jdk1.8.0_181/bin/../jre/bin;C:/Program Files/Java/jdk1.8.0_181/bin/../jre/lib/amd64;C:\WINDOWS\system32;C:\WINDOWS;C:\WINDOWS\System32\Wbem;C:\Program Files\Java\jdk1.8.0_181\bin;C:\Program Files (x86)\Common Files\Oracle\Java\javapath;C:\Program Files (x86)\Intel\Intel(R) Management Engine Components\iCLS\;C:\Program Files\Intel\Intel(R) Management Engine Components\iCLS\;C:\WINDOWS\system32;C:\WINDOWS;C:\WINDOWS\System32\Wbem;C:\WINDOWS\System32\WindowsPowerShell\v1.0\;C:\Program Files (x86)\Intel\Intel(R) Management Engine Components\DAL;C:\Program Files\Intel\Intel(R) Management Engine Components\DAL;C:\Program Files (x86)\Intel\Intel(R) Management Engine Components\IPT;C:\Program Files\Intel\Intel(R) Management Engine Components\IPT;C:\Program Files\Intel\WiFi\bin\;C:\Program Files\Common Files\Intel\WirelessCommon\;C:\Users\hchitta\AppData\Local\Microsoft\WindowsApps;C:\Program Files\nodejs\;C:\Program Files\Microsoft VS Code\bin;C:\Program Files\Git\cmd;C:\Program Files\MongoDB\Server\4.0\bin;C:\HashiCorp\Vagrant\bin;C:\Program Files\PuTTY\;C:\Users\hchitta\AppData\Local\Microsoft\WindowsApps;C:\Users\hchitta\AppData\Roaming\npm;C:\Program Files\Java\jdk1.7.0_55\bin;C:\Users\hchitta\AppData\Local\atom\bin;C:\Users\hchitta\Desktop\Spring Boot\sts-4;;.]
25-10-2018 16:01:20.663 [localhost-startStop-1] INFO  o.a.c.c.C.[Tomcat].[localhost].[/].log - Initializing Spring embedded WebApplicationContext
25-10-2018 16:01:20.664 [localhost-startStop-1] INFO  o.s.web.context.ContextLoader.prepareWebApplicationContext - Root WebApplicationContext: initialization completed in 2047 ms
25-10-2018 16:01:20.814 [localhost-startStop-1] INFO  o.s.b.w.s.ServletRegistrationBean.addRegistration - Servlet dispatcherServlet mapped to [/]
25-10-2018 16:01:20.819 [localhost-startStop-1] INFO  o.s.b.w.s.FilterRegistrationBean.configure - Mapping filter: 'characterEncodingFilter' to: [/*]
25-10-2018 16:01:20.820 [localhost-startStop-1] INFO  o.s.b.w.s.FilterRegistrationBean.configure - Mapping filter: 'hiddenHttpMethodFilter' to: [/*]
25-10-2018 16:01:20.820 [localhost-startStop-1] INFO  o.s.b.w.s.FilterRegistrationBean.configure - Mapping filter: 'httpPutFormContentFilter' to: [/*]
25-10-2018 16:01:20.820 [localhost-startStop-1] INFO  o.s.b.w.s.FilterRegistrationBean.configure - Mapping filter: 'requestContextFilter' to: [/*]
25-10-2018 16:01:21.005 [main] INFO  com.zaxxer.hikari.HikariDataSource.getConnection - HikariPool-1 - Starting...
25-10-2018 16:01:21.667 [main] INFO  com.zaxxer.hikari.HikariDataSource.getConnection - HikariPool-1 - Start completed.
25-10-2018 16:01:21.714 [main] INFO  o.s.o.j.LocalContainerEntityManagerFactoryBean.createNativeEntityManagerFactory - Building JPA container EntityManagerFactory for persistence unit 'default'
25-10-2018 16:01:21.730 [main] INFO  o.h.jpa.internal.util.LogHelper.logPersistenceUnitInformation - HHH000204: Processing PersistenceUnitInfo [
	name: default
	...]
25-10-2018 16:01:21.852 [main] INFO  org.hibernate.Version.logVersion - HHH000412: Hibernate Core {5.2.17.Final}
25-10-2018 16:01:21.854 [main] INFO  org.hibernate.cfg.Environment.<clinit> - HHH000206: hibernate.properties not found
25-10-2018 16:01:21.927 [main] INFO  o.h.annotations.common.Version.<clinit> - HCANN000001: Hibernate Commons Annotations {5.0.1.Final}
25-10-2018 16:01:22.248 [main] INFO  org.hibernate.dialect.Dialect.<init> - HHH000400: Using dialect: org.hibernate.dialect.MySQL5Dialect
25-10-2018 16:01:23.015 [main] INFO  o.s.o.j.LocalContainerEntityManagerFactoryBean.buildNativeEntityManagerFactory - Initialized JPA EntityManagerFactory for persistence unit 'default'
25-10-2018 16:01:23.467 [main] INFO  o.s.w.s.h.SimpleUrlHandlerMapping.registerHandler - Mapped URL path [/**/favicon.ico] onto handler of type [class org.springframework.web.servlet.resource.ResourceHttpRequestHandler]
25-10-2018 16:01:23.718 [main] INFO  o.s.w.s.m.m.a.RequestMappingHandlerAdapter.initControllerAdviceCache - Looking for @ControllerAdvice: org.springframework.boot.web.servlet.context.AnnotationConfigServletWebServerApplicationContext@130161f7: startup date [Thu Oct 25 16:01:18 IST 2018]; root of context hierarchy
25-10-2018 16:01:23.753 [main] WARN  o.s.b.a.o.j.JpaBaseConfiguration$JpaWebConfiguration$JpaWebMvcConfiguration.openEntityManagerInViewInterceptor - spring.jpa.open-in-view is enabled by default. Therefore, database queries may be performed during view rendering. Explicitly configure spring.jpa.open-in-view to disable this warning
25-10-2018 16:01:23.789 [main] INFO  o.s.w.s.m.m.a.RequestMappingHandlerMapping.register - Mapped "{[/api/CDR/study/create],methods=[POST]}" onto public org.springframework.http.ResponseEntity<java.lang.String> com.cdr.sdtm.controller.StudyController.saveStudy(com.cdr.sdtm.model.Study)
25-10-2018 16:01:23.790 [main] INFO  o.s.w.s.m.m.a.RequestMappingHandlerMapping.register - Mapped "{[/api/CDR/study/validate/{studyID}],methods=[GET]}" onto public java.util.List<com.cdr.sdtm.model.Study> com.cdr.sdtm.controller.StudyController.getAllStudies(java.lang.String)
25-10-2018 16:01:23.791 [main] INFO  o.s.w.s.m.m.a.RequestMappingHandlerMapping.register - Mapped "{[/api/CDR/study/delete/{studyID}],methods=[DELETE]}" onto public org.springframework.http.ResponseEntity<java.lang.String> com.cdr.sdtm.controller.StudyController.deleteStudy(int)
25-10-2018 16:01:23.791 [main] INFO  o.s.w.s.m.m.a.RequestMappingHandlerMapping.register - Mapped "{[/api/CDR/study/search],methods=[GET]}" onto public java.util.List<com.cdr.sdtm.model.Study> com.cdr.sdtm.controller.StudyController.getStudyById(java.lang.String,java.lang.String,java.lang.String,java.lang.String,java.lang.String)
25-10-2018 16:01:23.792 [main] INFO  o.s.w.s.m.m.a.RequestMappingHandlerMapping.register - Mapped "{[/api/CDR/study/update/{id}],methods=[PUT]}" onto public org.springframework.http.ResponseEntity<java.lang.String> com.cdr.sdtm.controller.StudyController.updateStudy(int,com.cdr.sdtm.model.Study)
25-10-2018 16:01:23.792 [main] INFO  o.s.w.s.m.m.a.RequestMappingHandlerMapping.register - Mapped "{[/api/CDR/login],methods=[GET]}" onto public org.springframework.http.ResponseEntity<com.cdr.sdtm.model.CdrUser> com.cdr.sdtm.controller.UserController.validateUser(java.lang.String,java.lang.String)
25-10-2018 16:01:23.794 [main] INFO  o.s.w.s.m.m.a.RequestMappingHandlerMapping.register - Mapped "{[/error]}" onto public org.springframework.http.ResponseEntity<java.util.Map<java.lang.String, java.lang.Object>> org.springframework.boot.autoconfigure.web.servlet.error.BasicErrorController.error(javax.servlet.http.HttpServletRequest)
25-10-2018 16:01:23.795 [main] INFO  o.s.w.s.m.m.a.RequestMappingHandlerMapping.register - Mapped "{[/error],produces=[text/html]}" onto public org.springframework.web.servlet.ModelAndView org.springframework.boot.autoconfigure.web.servlet.error.BasicErrorController.errorHtml(javax.servlet.http.HttpServletRequest,javax.servlet.http.HttpServletResponse)
25-10-2018 16:01:23.820 [main] INFO  o.s.w.s.h.SimpleUrlHandlerMapping.registerHandler - Mapped URL path [/webjars/**] onto handler of type [class org.springframework.web.servlet.resource.ResourceHttpRequestHandler]
25-10-2018 16:01:23.821 [main] INFO  o.s.w.s.h.SimpleUrlHandlerMapping.registerHandler - Mapped URL path [/**] onto handler of type [class org.springframework.web.servlet.resource.ResourceHttpRequestHandler]
25-10-2018 16:01:23.837 [main] INFO  o.s.w.s.m.m.a.ExceptionHandlerExceptionResolver.initExceptionHandlerAdviceCache - Detected @ExceptionHandler methods in customizedResponseEntityExceptionHandler
25-10-2018 16:01:23.866 [main] INFO  o.s.b.a.w.s.WelcomePageHandlerMapping.<init> - Adding welcome page: class path resource [static/index.html]
25-10-2018 16:01:24.091 [main] INFO  o.s.j.e.a.AnnotationMBeanExporter.afterSingletonsInstantiated - Registering beans for JMX exposure on startup
25-10-2018 16:01:24.092 [main] INFO  o.s.j.e.a.AnnotationMBeanExporter.autodetect - Bean with name 'dataSource' has been autodetected for JMX exposure
25-10-2018 16:01:24.097 [main] INFO  o.s.j.e.a.AnnotationMBeanExporter.registerBeanInstance - Located MBean 'dataSource': registering with JMX server as MBean [com.zaxxer.hikari:name=dataSource,type=HikariDataSource]
25-10-2018 16:01:24.107 [main] INFO  o.a.coyote.http11.Http11NioProtocol.log - Starting ProtocolHandler ["http-nio-8080"]
25-10-2018 16:01:24.125 [main] INFO  o.a.tomcat.util.net.NioSelectorPool.log - Using a shared selector for servlet write/read
25-10-2018 16:01:24.141 [main] INFO  o.s.b.w.e.tomcat.TomcatWebServer.start - Tomcat started on port(s): 8080 (http) with context path ''
25-10-2018 16:01:24.144 [main] INFO  com.cdr.sdtm.CdrSdtmApplication.logStarted - Started CdrSdtmApplication in 6.122 seconds (JVM running for 7.065)
25-10-2018 16:02:00.369 [http-nio-8080-exec-1] INFO  o.a.c.c.C.[Tomcat].[localhost].[/].log - Initializing Spring FrameworkServlet 'dispatcherServlet'
25-10-2018 16:02:00.369 [http-nio-8080-exec-1] INFO  o.s.web.servlet.DispatcherServlet.initServletBean - FrameworkServlet 'dispatcherServlet': initialization started
25-10-2018 16:02:00.410 [http-nio-8080-exec-1] INFO  o.s.web.servlet.DispatcherServlet.initServletBean - FrameworkServlet 'dispatcherServlet': initialization completed in 41 ms
25-10-2018 16:02:09.333 [http-nio-8080-exec-10] INFO  o.h.h.i.QueryTranslatorFactoryInitiator.initiateService - HHH000397: Using ASTQueryTranslatorFactory
25-10-2018 16:02:09.473 [http-nio-8080-exec-10] INFO  c.cdr.sdtm.controller.UserController.validateUser - User doesn't exist with provided username and password
25-10-2018 16:02:19.185 [http-nio-8080-exec-6] INFO  c.cdr.sdtm.controller.UserController.validateUser - User exists with provided username and password
25-10-2018 16:07:37.837 [http-nio-8080-exec-3] INFO  c.cdr.sdtm.controller.UserController.validateUser - User exists with provided username and password
25-10-2018 16:08:05.603 [http-nio-8080-exec-4] INFO  c.c.sdtm.controller.StudyController.getStudyById - Search Study method - STARTS
25-10-2018 16:08:05.674 [http-nio-8080-exec-4] INFO  c.c.sdtm.controller.StudyController.getStudyById - Search Study method - ENDS
25-10-2018 16:08:09.170 [http-nio-8080-exec-5] INFO  c.c.sdtm.controller.StudyController.getStudyById - Search Study method - STARTS
25-10-2018 16:08:09.176 [http-nio-8080-exec-5] INFO  c.c.sdtm.controller.StudyController.getStudyById - Search Study method - ENDS
25-10-2018 16:08:52.736 [http-nio-8080-exec-2] INFO  c.c.sdtm.controller.StudyController.getStudyById - Search Study method - STARTS
25-10-2018 16:08:52.743 [http-nio-8080-exec-2] INFO  c.c.sdtm.controller.StudyController.getStudyById - Search Study method - ENDS
25-10-2018 16:10:40.993 [http-nio-8080-exec-3] INFO  c.cdr.sdtm.controller.UserController.validateUser - User exists with provided username and password
25-10-2018 16:10:45.439 [http-nio-8080-exec-4] INFO  c.c.sdtm.controller.StudyController.getStudyById - Search Study method - STARTS
25-10-2018 16:10:45.444 [http-nio-8080-exec-4] INFO  c.c.sdtm.controller.StudyController.getStudyById - Search Study method - ENDS
25-10-2018 16:11:07.495 [http-nio-8080-exec-5] INFO  c.c.sdtm.controller.StudyController.deleteStudy - Study deleted successfully.
25-10-2018 16:11:07.529 [http-nio-8080-exec-7] INFO  c.c.sdtm.controller.StudyController.getStudyById - Search Study method - STARTS
25-10-2018 16:11:07.537 [http-nio-8080-exec-7] INFO  c.c.sdtm.controller.StudyController.getStudyById - Search Study method - ENDS
25-10-2018 16:14:25.427 [http-nio-8080-exec-6] WARN  o.s.w.s.m.m.a.ExceptionHandlerExceptionResolver.resolveException - Resolved [org.springframework.web.method.annotation.MethodArgumentTypeMismatchException: Failed to convert value of type 'java.lang.String' to required type 'int'; nested exception is java.lang.NumberFormatException: For input string: "hello"]
25-10-2018 16:16:12.714 [RMI TCP Connection(2)-127.0.0.1] INFO  o.s.b.a.SpringApplicationAdminMXBeanRegistrar$SpringApplicationAdmin.shutdown - Application shutdown requested.
25-10-2018 16:16:12.715 [RMI TCP Connection(2)-127.0.0.1] INFO  o.s.b.w.s.c.AnnotationConfigServletWebServerApplicationContext.doClose - Closing org.springframework.boot.web.servlet.context.AnnotationConfigServletWebServerApplicationContext@130161f7: startup date [Thu Oct 25 16:01:18 IST 2018]; root of context hierarchy
25-10-2018 16:16:12.717 [RMI TCP Connection(2)-127.0.0.1] INFO  o.s.j.e.a.AnnotationMBeanExporter.destroy - Unregistering JMX-exposed beans on shutdown
25-10-2018 16:16:12.718 [RMI TCP Connection(2)-127.0.0.1] INFO  o.s.j.e.a.AnnotationMBeanExporter.unregisterBeans - Unregistering JMX-exposed beans
25-10-2018 16:16:12.719 [RMI TCP Connection(2)-127.0.0.1] INFO  o.s.o.j.LocalContainerEntityManagerFactoryBean.destroy - Closing JPA EntityManagerFactory for persistence unit 'default'
25-10-2018 16:16:12.721 [RMI TCP Connection(2)-127.0.0.1] INFO  com.zaxxer.hikari.HikariDataSource.close - HikariPool-1 - Shutdown initiated...
25-10-2018 16:16:12.729 [RMI TCP Connection(2)-127.0.0.1] INFO  com.zaxxer.hikari.HikariDataSource.close - HikariPool-1 - Shutdown completed.
25-10-2018 16:18:21.729 [main] INFO  com.cdr.sdtm.CdrSdtmApplication.logStarting - Starting CdrSdtmApplication on USHYDHCHITTA7 with PID 5208 (started by hchitta in C:\Users\hchitta\Desktop\Spring Boot\SB-WS\CDR-SDTM)
25-10-2018 16:18:21.735 [main] INFO  com.cdr.sdtm.CdrSdtmApplication.logStartupProfileInfo - No active profile set, falling back to default profiles: default
25-10-2018 16:18:21.786 [main] INFO  o.s.b.w.s.c.AnnotationConfigServletWebServerApplicationContext.prepareRefresh - Refreshing org.springframework.boot.web.servlet.context.AnnotationConfigServletWebServerApplicationContext@243c4f91: startup date [Thu Oct 25 16:18:21 IST 2018]; root of context hierarchy
25-10-2018 16:18:22.902 [main] INFO  o.s.c.s.PostProcessorRegistrationDelegate$BeanPostProcessorChecker.postProcessAfterInitialization - Bean 'org.springframework.transaction.annotation.ProxyTransactionManagementConfiguration' of type [org.springframework.transaction.annotation.ProxyTransactionManagementConfiguration$$EnhancerBySpringCGLIB$$c1ba73fc] is not eligible for getting processed by all BeanPostProcessors (for example: not eligible for auto-proxying)
25-10-2018 16:18:23.358 [main] INFO  o.s.b.w.e.tomcat.TomcatWebServer.initialize - Tomcat initialized with port(s): 8080 (http)
25-10-2018 16:18:23.375 [main] INFO  o.a.coyote.http11.Http11NioProtocol.log - Initializing ProtocolHandler ["http-nio-8080"]
25-10-2018 16:18:23.388 [main] INFO  o.a.catalina.core.StandardService.log - Starting service [Tomcat]
25-10-2018 16:18:23.388 [main] INFO  o.a.catalina.core.StandardEngine.log - Starting Servlet Engine: Apache Tomcat/8.5.34
25-10-2018 16:18:23.393 [localhost-startStop-1] INFO  o.a.c.core.AprLifecycleListener.log - The APR based Apache Tomcat Native library which allows optimal performance in production environments was not found on the java.library.path: [C:\Program Files\Java\jdk1.8.0_181\bin;C:\WINDOWS\Sun\Java\bin;C:\WINDOWS\system32;C:\WINDOWS;C:/Program Files/Java/jdk1.8.0_181/bin/../jre/bin/server;C:/Program Files/Java/jdk1.8.0_181/bin/../jre/bin;C:/Program Files/Java/jdk1.8.0_181/bin/../jre/lib/amd64;C:\WINDOWS\system32;C:\WINDOWS;C:\WINDOWS\System32\Wbem;C:\Program Files\Java\jdk1.8.0_181\bin;C:\Program Files (x86)\Common Files\Oracle\Java\javapath;C:\Program Files (x86)\Intel\Intel(R) Management Engine Components\iCLS\;C:\Program Files\Intel\Intel(R) Management Engine Components\iCLS\;C:\WINDOWS\system32;C:\WINDOWS;C:\WINDOWS\System32\Wbem;C:\WINDOWS\System32\WindowsPowerShell\v1.0\;C:\Program Files (x86)\Intel\Intel(R) Management Engine Components\DAL;C:\Program Files\Intel\Intel(R) Management Engine Components\DAL;C:\Program Files (x86)\Intel\Intel(R) Management Engine Components\IPT;C:\Program Files\Intel\Intel(R) Management Engine Components\IPT;C:\Program Files\Intel\WiFi\bin\;C:\Program Files\Common Files\Intel\WirelessCommon\;C:\Users\hchitta\AppData\Local\Microsoft\WindowsApps;C:\Program Files\nodejs\;C:\Program Files\Microsoft VS Code\bin;C:\Program Files\Git\cmd;C:\Program Files\MongoDB\Server\4.0\bin;C:\HashiCorp\Vagrant\bin;C:\Program Files\PuTTY\;C:\Users\hchitta\AppData\Local\Microsoft\WindowsApps;C:\Users\hchitta\AppData\Roaming\npm;C:\Program Files\Java\jdk1.7.0_55\bin;C:\Users\hchitta\AppData\Local\atom\bin;C:\Users\hchitta\Desktop\Spring Boot\sts-4;;.]
25-10-2018 16:18:23.559 [localhost-startStop-1] INFO  o.a.c.c.C.[Tomcat].[localhost].[/].log - Initializing Spring embedded WebApplicationContext
25-10-2018 16:18:23.559 [localhost-startStop-1] INFO  o.s.web.context.ContextLoader.prepareWebApplicationContext - Root WebApplicationContext: initialization completed in 1773 ms
25-10-2018 16:18:23.682 [localhost-startStop-1] INFO  o.s.b.w.s.ServletRegistrationBean.addRegistration - Servlet dispatcherServlet mapped to [/]
25-10-2018 16:18:23.687 [localhost-startStop-1] INFO  o.s.b.w.s.FilterRegistrationBean.configure - Mapping filter: 'characterEncodingFilter' to: [/*]
25-10-2018 16:18:23.688 [localhost-startStop-1] INFO  o.s.b.w.s.FilterRegistrationBean.configure - Mapping filter: 'hiddenHttpMethodFilter' to: [/*]
25-10-2018 16:18:23.688 [localhost-startStop-1] INFO  o.s.b.w.s.FilterRegistrationBean.configure - Mapping filter: 'httpPutFormContentFilter' to: [/*]
25-10-2018 16:18:23.688 [localhost-startStop-1] INFO  o.s.b.w.s.FilterRegistrationBean.configure - Mapping filter: 'requestContextFilter' to: [/*]
25-10-2018 16:18:23.872 [main] INFO  com.zaxxer.hikari.HikariDataSource.getConnection - HikariPool-1 - Starting...
25-10-2018 16:18:24.532 [main] INFO  com.zaxxer.hikari.HikariDataSource.getConnection - HikariPool-1 - Start completed.
25-10-2018 16:18:24.582 [main] INFO  o.s.o.j.LocalContainerEntityManagerFactoryBean.createNativeEntityManagerFactory - Building JPA container EntityManagerFactory for persistence unit 'default'
25-10-2018 16:18:24.597 [main] INFO  o.h.jpa.internal.util.LogHelper.logPersistenceUnitInformation - HHH000204: Processing PersistenceUnitInfo [
	name: default
	...]
25-10-2018 16:18:24.722 [main] INFO  org.hibernate.Version.logVersion - HHH000412: Hibernate Core {5.2.17.Final}
25-10-2018 16:18:24.724 [main] INFO  org.hibernate.cfg.Environment.<clinit> - HHH000206: hibernate.properties not found
25-10-2018 16:18:24.798 [main] INFO  o.h.annotations.common.Version.<clinit> - HCANN000001: Hibernate Commons Annotations {5.0.1.Final}
25-10-2018 16:18:25.113 [main] INFO  org.hibernate.dialect.Dialect.<init> - HHH000400: Using dialect: org.hibernate.dialect.MySQL5Dialect
25-10-2018 16:18:25.760 [main] INFO  o.s.o.j.LocalContainerEntityManagerFactoryBean.buildNativeEntityManagerFactory - Initialized JPA EntityManagerFactory for persistence unit 'default'
25-10-2018 16:18:26.249 [main] INFO  o.s.w.s.h.SimpleUrlHandlerMapping.registerHandler - Mapped URL path [/**/favicon.ico] onto handler of type [class org.springframework.web.servlet.resource.ResourceHttpRequestHandler]
25-10-2018 16:18:26.502 [main] INFO  o.s.w.s.m.m.a.RequestMappingHandlerAdapter.initControllerAdviceCache - Looking for @ControllerAdvice: org.springframework.boot.web.servlet.context.AnnotationConfigServletWebServerApplicationContext@243c4f91: startup date [Thu Oct 25 16:18:21 IST 2018]; root of context hierarchy
25-10-2018 16:18:26.550 [main] WARN  o.s.b.a.o.j.JpaBaseConfiguration$JpaWebConfiguration$JpaWebMvcConfiguration.openEntityManagerInViewInterceptor - spring.jpa.open-in-view is enabled by default. Therefore, database queries may be performed during view rendering. Explicitly configure spring.jpa.open-in-view to disable this warning
25-10-2018 16:18:26.585 [main] INFO  o.s.w.s.m.m.a.RequestMappingHandlerMapping.register - Mapped "{[/api/CDR/study/create],methods=[POST]}" onto public org.springframework.http.ResponseEntity<java.lang.String> com.cdr.sdtm.controller.StudyController.saveStudy(com.cdr.sdtm.model.Study)
25-10-2018 16:18:26.586 [main] INFO  o.s.w.s.m.m.a.RequestMappingHandlerMapping.register - Mapped "{[/api/CDR/study/validate/{studyID}],methods=[GET]}" onto public java.util.List<com.cdr.sdtm.model.Study> com.cdr.sdtm.controller.StudyController.getAllStudies(java.lang.String)
25-10-2018 16:18:26.586 [main] INFO  o.s.w.s.m.m.a.RequestMappingHandlerMapping.register - Mapped "{[/api/CDR/study/delete/{studyID}],methods=[DELETE]}" onto public org.springframework.http.ResponseEntity<java.lang.String> com.cdr.sdtm.controller.StudyController.deleteStudy(int)
25-10-2018 16:18:26.587 [main] INFO  o.s.w.s.m.m.a.RequestMappingHandlerMapping.register - Mapped "{[/api/CDR/study/update/{id}],methods=[PUT]}" onto public org.springframework.http.ResponseEntity<java.lang.String> com.cdr.sdtm.controller.StudyController.updateStudy(int,com.cdr.sdtm.model.Study)
25-10-2018 16:18:26.587 [main] INFO  o.s.w.s.m.m.a.RequestMappingHandlerMapping.register - Mapped "{[/api/CDR/study/search],methods=[GET]}" onto public java.util.List<com.cdr.sdtm.model.Study> com.cdr.sdtm.controller.StudyController.getStudyById(java.lang.String,java.lang.String,java.lang.String,java.lang.String,java.lang.String)
25-10-2018 16:18:26.588 [main] INFO  o.s.w.s.m.m.a.RequestMappingHandlerMapping.register - Mapped "{[/api/CDR/login],methods=[GET]}" onto public org.springframework.http.ResponseEntity<com.cdr.sdtm.model.CdrUser> com.cdr.sdtm.controller.UserController.validateUser(java.lang.String,java.lang.String)
25-10-2018 16:18:26.590 [main] INFO  o.s.w.s.m.m.a.RequestMappingHandlerMapping.register - Mapped "{[/error]}" onto public org.springframework.http.ResponseEntity<java.util.Map<java.lang.String, java.lang.Object>> org.springframework.boot.autoconfigure.web.servlet.error.BasicErrorController.error(javax.servlet.http.HttpServletRequest)
25-10-2018 16:18:26.591 [main] INFO  o.s.w.s.m.m.a.RequestMappingHandlerMapping.register - Mapped "{[/error],produces=[text/html]}" onto public org.springframework.web.servlet.ModelAndView org.springframework.boot.autoconfigure.web.servlet.error.BasicErrorController.errorHtml(javax.servlet.http.HttpServletRequest,javax.servlet.http.HttpServletResponse)
25-10-2018 16:18:26.627 [main] INFO  o.s.w.s.h.SimpleUrlHandlerMapping.registerHandler - Mapped URL path [/webjars/**] onto handler of type [class org.springframework.web.servlet.resource.ResourceHttpRequestHandler]
25-10-2018 16:18:26.627 [main] INFO  o.s.w.s.h.SimpleUrlHandlerMapping.registerHandler - Mapped URL path [/**] onto handler of type [class org.springframework.web.servlet.resource.ResourceHttpRequestHandler]
25-10-2018 16:18:26.646 [main] INFO  o.s.w.s.m.m.a.ExceptionHandlerExceptionResolver.initExceptionHandlerAdviceCache - Detected @ExceptionHandler methods in customizedResponseEntityExceptionHandler
25-10-2018 16:18:26.681 [main] INFO  o.s.b.a.w.s.WelcomePageHandlerMapping.<init> - Adding welcome page: class path resource [static/index.html]
25-10-2018 16:18:26.927 [main] INFO  o.s.j.e.a.AnnotationMBeanExporter.afterSingletonsInstantiated - Registering beans for JMX exposure on startup
25-10-2018 16:18:26.929 [main] INFO  o.s.j.e.a.AnnotationMBeanExporter.autodetect - Bean with name 'dataSource' has been autodetected for JMX exposure
25-10-2018 16:18:26.935 [main] INFO  o.s.j.e.a.AnnotationMBeanExporter.registerBeanInstance - Located MBean 'dataSource': registering with JMX server as MBean [com.zaxxer.hikari:name=dataSource,type=HikariDataSource]
25-10-2018 16:18:26.946 [main] INFO  o.a.coyote.http11.Http11NioProtocol.log - Starting ProtocolHandler ["http-nio-8080"]
25-10-2018 16:18:26.967 [main] INFO  o.a.tomcat.util.net.NioSelectorPool.log - Using a shared selector for servlet write/read
25-10-2018 16:18:26.983 [main] INFO  o.s.b.w.e.tomcat.TomcatWebServer.start - Tomcat started on port(s): 8080 (http) with context path ''
25-10-2018 16:18:26.986 [main] INFO  com.cdr.sdtm.CdrSdtmApplication.logStarted - Started CdrSdtmApplication in 5.764 seconds (JVM running for 6.718)
25-10-2018 16:18:32.540 [http-nio-8080-exec-1] INFO  o.a.c.c.C.[Tomcat].[localhost].[/].log - Initializing Spring FrameworkServlet 'dispatcherServlet'
25-10-2018 16:18:32.540 [http-nio-8080-exec-1] INFO  o.s.web.servlet.DispatcherServlet.initServletBean - FrameworkServlet 'dispatcherServlet': initialization started
25-10-2018 16:18:32.577 [http-nio-8080-exec-1] INFO  o.s.web.servlet.DispatcherServlet.initServletBean - FrameworkServlet 'dispatcherServlet': initialization completed in 36 ms
25-10-2018 16:18:32.621 [http-nio-8080-exec-1] WARN  o.s.w.s.m.m.a.ExceptionHandlerExceptionResolver.doResolveHandlerMethodException - Failed to invoke @ExceptionHandler method: protected org.springframework.http.ResponseEntity<java.lang.Object> com.cdr.sdtm.exception.CustomizedResponseEntityExceptionHandler.handleMethodArgumentNotValid(org.springframework.web.bind.MethodArgumentNotValidException,org.springframework.web.context.request.WebRequest)
java.lang.IllegalStateException: Could not resolve method parameter at index 0 in protected org.springframework.http.ResponseEntity<java.lang.Object> com.cdr.sdtm.exception.CustomizedResponseEntityExceptionHandler.handleMethodArgumentNotValid(org.springframework.web.bind.MethodArgumentNotValidException,org.springframework.web.context.request.WebRequest): No suitable resolver for argument 0 of type 'org.springframework.web.bind.MethodArgumentNotValidException'
	at org.springframework.web.method.support.InvocableHandlerMethod.getMethodArgumentValues(InvocableHandlerMethod.java:175)
	at org.springframework.web.method.support.InvocableHandlerMethod.invokeForRequest(InvocableHandlerMethod.java:131)
	at org.springframework.web.servlet.mvc.method.annotation.ServletInvocableHandlerMethod.invokeAndHandle(ServletInvocableHandlerMethod.java:102)
	at org.springframework.web.servlet.mvc.method.annotation.ExceptionHandlerExceptionResolver.doResolveHandlerMethodException(ExceptionHandlerExceptionResolver.java:400)
	at org.springframework.web.servlet.handler.AbstractHandlerMethodExceptionResolver.doResolveException(AbstractHandlerMethodExceptionResolver.java:61)
	at org.springframework.web.servlet.handler.AbstractHandlerExceptionResolver.resolveException(AbstractHandlerExceptionResolver.java:136)
	at org.springframework.web.servlet.handler.HandlerExceptionResolverComposite.resolveException(HandlerExceptionResolverComposite.java:78)
	at org.springframework.web.servlet.DispatcherServlet.processHandlerException(DispatcherServlet.java:1255)
	at org.springframework.web.servlet.DispatcherServlet.processDispatchResult(DispatcherServlet.java:1062)
	at org.springframework.web.servlet.DispatcherServlet.doDispatch(DispatcherServlet.java:1008)
	at org.springframework.web.servlet.DispatcherServlet.doService(DispatcherServlet.java:925)
	at org.springframework.web.servlet.FrameworkServlet.processRequest(FrameworkServlet.java:974)
	at org.springframework.web.servlet.FrameworkServlet.doDelete(FrameworkServlet.java:899)
	at javax.servlet.http.HttpServlet.service(HttpServlet.java:667)
	at org.springframework.web.servlet.FrameworkServlet.service(FrameworkServlet.java:851)
	at javax.servlet.http.HttpServlet.service(HttpServlet.java:742)
	at org.apache.catalina.core.ApplicationFilterChain.internalDoFilter(ApplicationFilterChain.java:231)
	at org.apache.catalina.core.ApplicationFilterChain.doFilter(ApplicationFilterChain.java:166)
	at org.apache.tomcat.websocket.server.WsFilter.doFilter(WsFilter.java:52)
	at org.apache.catalina.core.ApplicationFilterChain.internalDoFilter(ApplicationFilterChain.java:193)
	at org.apache.catalina.core.ApplicationFilterChain.doFilter(ApplicationFilterChain.java:166)
	at org.springframework.web.filter.RequestContextFilter.doFilterInternal(RequestContextFilter.java:99)
	at org.springframework.web.filter.OncePerRequestFilter.doFilter(OncePerRequestFilter.java:107)
	at org.apache.catalina.core.ApplicationFilterChain.internalDoFilter(ApplicationFilterChain.java:193)
	at org.apache.catalina.core.ApplicationFilterChain.doFilter(ApplicationFilterChain.java:166)
	at org.springframework.web.filter.HttpPutFormContentFilter.doFilterInternal(HttpPutFormContentFilter.java:109)
	at org.springframework.web.filter.OncePerRequestFilter.doFilter(OncePerRequestFilter.java:107)
	at org.apache.catalina.core.ApplicationFilterChain.internalDoFilter(ApplicationFilterChain.java:193)
	at org.apache.catalina.core.ApplicationFilterChain.doFilter(ApplicationFilterChain.java:166)
	at org.springframework.web.filter.HiddenHttpMethodFilter.doFilterInternal(HiddenHttpMethodFilter.java:93)
	at org.springframework.web.filter.OncePerRequestFilter.doFilter(OncePerRequestFilter.java:107)
	at org.apache.catalina.core.ApplicationFilterChain.internalDoFilter(ApplicationFilterChain.java:193)
	at org.apache.catalina.core.ApplicationFilterChain.doFilter(ApplicationFilterChain.java:166)
	at org.springframework.web.filter.CharacterEncodingFilter.doFilterInternal(CharacterEncodingFilter.java:200)
	at org.springframework.web.filter.OncePerRequestFilter.doFilter(OncePerRequestFilter.java:107)
	at org.apache.catalina.core.ApplicationFilterChain.internalDoFilter(ApplicationFilterChain.java:193)
	at org.apache.catalina.core.ApplicationFilterChain.doFilter(ApplicationFilterChain.java:166)
	at org.apache.catalina.core.StandardWrapperValve.invoke(StandardWrapperValve.java:198)
	at org.apache.catalina.core.StandardContextValve.invoke(StandardContextValve.java:96)
	at org.apache.catalina.authenticator.AuthenticatorBase.invoke(AuthenticatorBase.java:493)
	at org.apache.catalina.core.StandardHostValve.invoke(StandardHostValve.java:140)
	at org.apache.catalina.valves.ErrorReportValve.invoke(ErrorReportValve.java:81)
	at org.apache.catalina.core.StandardEngineValve.invoke(StandardEngineValve.java:87)
	at org.apache.catalina.connector.CoyoteAdapter.service(CoyoteAdapter.java:342)
	at org.apache.coyote.http11.Http11Processor.service(Http11Processor.java:800)
	at org.apache.coyote.AbstractProcessorLight.process(AbstractProcessorLight.java:66)
	at org.apache.coyote.AbstractProtocol$ConnectionHandler.process(AbstractProtocol.java:806)
	at org.apache.tomcat.util.net.NioEndpoint$SocketProcessor.doRun(NioEndpoint.java:1498)
	at org.apache.tomcat.util.net.SocketProcessorBase.run(SocketProcessorBase.java:49)
	at java.util.concurrent.ThreadPoolExecutor.runWorker(ThreadPoolExecutor.java:1149)
	at java.util.concurrent.ThreadPoolExecutor$Worker.run(ThreadPoolExecutor.java:624)
	at org.apache.tomcat.util.threads.TaskThread$WrappingRunnable.run(TaskThread.java:61)
	at java.lang.Thread.run(Thread.java:748)
25-10-2018 16:18:32.622 [http-nio-8080-exec-1] WARN  o.s.w.s.m.s.DefaultHandlerExceptionResolver.resolveException - Resolved [org.springframework.web.method.annotation.MethodArgumentTypeMismatchException: Failed to convert value of type 'java.lang.String' to required type 'int'; nested exception is java.lang.NumberFormatException: For input string: "hello"]
25-10-2018 16:26:57.808 [http-nio-8080-exec-3] INFO  o.h.h.i.QueryTranslatorFactoryInitiator.initiateService - HHH000397: Using ASTQueryTranslatorFactory
25-10-2018 16:26:57.984 [http-nio-8080-exec-3] INFO  c.cdr.sdtm.controller.UserController.validateUser - User exists with provided username and password
25-10-2018 16:28:11.167 [http-nio-8080-exec-4] INFO  c.cdr.sdtm.controller.UserController.validateUser - User exists with provided username and password
25-10-2018 16:31:30.681 [http-nio-8080-exec-7] INFO  c.cdr.sdtm.controller.UserController.validateUser - User exists with provided username and password
25-10-2018 16:31:53.402 [http-nio-8080-exec-9] INFO  c.cdr.sdtm.controller.UserController.validateUser - User exists with provided username and password
25-10-2018 16:34:10.640 [http-nio-8080-exec-8] INFO  c.cdr.sdtm.controller.UserController.validateUser - User exists with provided username and password
25-10-2018 16:37:28.610 [http-nio-8080-exec-10] INFO  c.cdr.sdtm.controller.UserController.validateUser - User exists with provided username and password
25-10-2018 16:38:17.673 [http-nio-8080-exec-2] INFO  c.cdr.sdtm.controller.UserController.validateUser - User exists with provided username and password
25-10-2018 16:39:18.475 [http-nio-8080-exec-1] INFO  c.cdr.sdtm.controller.UserController.validateUser - User exists with provided username and password
25-10-2018 16:41:13.720 [http-nio-8080-exec-3] INFO  c.cdr.sdtm.controller.UserController.validateUser - User exists with provided username and password
25-10-2018 16:41:51.756 [http-nio-8080-exec-5] INFO  c.cdr.sdtm.controller.UserController.validateUser - User exists with provided username and password
25-10-2018 16:44:42.024 [http-nio-8080-exec-4] INFO  c.cdr.sdtm.controller.UserController.validateUser - User exists with provided username and password
25-10-2018 16:45:38.260 [http-nio-8080-exec-6] INFO  c.cdr.sdtm.controller.UserController.validateUser - User exists with provided username and password
25-10-2018 16:46:23.826 [http-nio-8080-exec-7] INFO  c.cdr.sdtm.controller.UserController.validateUser - User exists with provided username and password
25-10-2018 17:03:29.561 [http-nio-8080-exec-9] INFO  c.cdr.sdtm.controller.UserController.validateUser - User exists with provided username and password
25-10-2018 17:04:00.283 [http-nio-8080-exec-8] INFO  c.cdr.sdtm.controller.UserController.validateUser - User exists with provided username and password
25-10-2018 17:04:08.561 [http-nio-8080-exec-10] INFO  c.c.sdtm.controller.StudyController.getStudyById - Search Study method - STARTS
25-10-2018 17:04:08.725 [http-nio-8080-exec-10] INFO  c.c.sdtm.controller.StudyController.getStudyById - Search Study method - ENDS
25-10-2018 18:35:49.100 [http-nio-8080-exec-2] INFO  c.cdr.sdtm.controller.UserController.validateUser - User exists with provided username and password
25-10-2018 19:48:12.875 [http-nio-8080-exec-1] INFO  c.cdr.sdtm.controller.UserController.validateUser - User exists with provided username and password
