26-10-2018 06:41:50.620 [HikariPool-1 housekeeper] WARN  com.zaxxer.hikari.pool.HikariPool.run - HikariPool-1 - Thread starvation or clock leap detected (housekeeper delta=10h7m1s585ms556µs162ns).
26-10-2018 07:56:09.662 [RMI TCP Connection(2)-127.0.0.1] INFO  o.s.b.a.SpringApplicationAdminMXBeanRegistrar$SpringApplicationAdmin.shutdown - Application shutdown requested.
26-10-2018 07:56:09.666 [RMI TCP Connection(2)-127.0.0.1] INFO  o.s.b.w.s.c.AnnotationConfigServletWebServerApplicationContext.doClose - Closing org.springframework.boot.web.servlet.context.AnnotationConfigServletWebServerApplicationContext@243c4f91: startup date [Thu Oct 25 16:18:21 IST 2018]; root of context hierarchy
26-10-2018 07:56:09.691 [RMI TCP Connection(2)-127.0.0.1] INFO  o.s.j.e.a.AnnotationMBeanExporter.destroy - Unregistering JMX-exposed beans on shutdown
26-10-2018 07:56:09.695 [RMI TCP Connection(2)-127.0.0.1] INFO  o.s.j.e.a.AnnotationMBeanExporter.unregisterBeans - Unregistering JMX-exposed beans
26-10-2018 07:56:09.701 [RMI TCP Connection(2)-127.0.0.1] INFO  o.s.o.j.LocalContainerEntityManagerFactoryBean.destroy - Closing JPA EntityManagerFactory for persistence unit 'default'
26-10-2018 07:56:09.714 [RMI TCP Connection(2)-127.0.0.1] INFO  com.zaxxer.hikari.HikariDataSource.close - HikariPool-1 - Shutdown initiated...
26-10-2018 07:56:09.728 [RMI TCP Connection(2)-127.0.0.1] INFO  com.zaxxer.hikari.HikariDataSource.close - HikariPool-1 - Shutdown completed.
26-10-2018 12:12:37.854 [background-preinit] DEBUG o.h.v.m.ResourceBundleMessageInterpolator.buildExpressionFactory - Loaded expression factory via original TCCL
26-10-2018 12:12:37.990 [main] INFO  com.cdr.sdtm.CdrSdtmApplication.logStarting - Starting CdrSdtmApplication on USHYDHCHITTA7 with PID 17996 (started by hchitta in C:\Users\hchitta\Desktop\Spring Boot\SB-WS\CDR-SDTM)
26-10-2018 12:12:37.994 [main] INFO  com.cdr.sdtm.CdrSdtmApplication.logStartupProfileInfo - No active profile set, falling back to default profiles: default
26-10-2018 12:12:38.060 [main] INFO  o.s.b.w.s.c.AnnotationConfigServletWebServerApplicationContext.prepareRefresh - Refreshing org.springframework.boot.web.servlet.context.AnnotationConfigServletWebServerApplicationContext@27ce24aa: startup date [Fri Oct 26 12:12:38 IST 2018]; root of context hierarchy
26-10-2018 12:12:39.529 [main] INFO  o.s.c.s.PostProcessorRegistrationDelegate$BeanPostProcessorChecker.postProcessAfterInitialization - Bean 'org.springframework.transaction.annotation.ProxyTransactionManagementConfiguration' of type [org.springframework.transaction.annotation.ProxyTransactionManagementConfiguration$$EnhancerBySpringCGLIB$$ddddcb7a] is not eligible for getting processed by all BeanPostProcessors (for example: not eligible for auto-proxying)
26-10-2018 12:12:40.096 [main] INFO  o.s.b.w.e.tomcat.TomcatWebServer.initialize - Tomcat initialized with port(s): 8080 (http)
26-10-2018 12:12:40.120 [main] INFO  o.a.coyote.http11.Http11NioProtocol.log - Initializing ProtocolHandler ["http-nio-8080"]
26-10-2018 12:12:40.142 [main] INFO  o.a.catalina.core.StandardService.log - Starting service [Tomcat]
26-10-2018 12:12:40.143 [main] INFO  o.a.catalina.core.StandardEngine.log - Starting Servlet Engine: Apache Tomcat/8.5.34
26-10-2018 12:12:40.151 [localhost-startStop-1] INFO  o.a.c.core.AprLifecycleListener.log - The APR based Apache Tomcat Native library which allows optimal performance in production environments was not found on the java.library.path: [C:\Program Files\Java\jdk1.8.0_181\bin;C:\WINDOWS\Sun\Java\bin;C:\WINDOWS\system32;C:\WINDOWS;C:/Program Files/Java/jdk1.8.0_181/bin/../jre/bin/server;C:/Program Files/Java/jdk1.8.0_181/bin/../jre/bin;C:/Program Files/Java/jdk1.8.0_181/bin/../jre/lib/amd64;C:\WINDOWS\system32;C:\WINDOWS;C:\WINDOWS\System32\Wbem;C:\Program Files\Java\jdk1.8.0_181\bin;C:\Program Files (x86)\Common Files\Oracle\Java\javapath;C:\Program Files (x86)\Intel\Intel(R) Management Engine Components\iCLS\;C:\Program Files\Intel\Intel(R) Management Engine Components\iCLS\;C:\WINDOWS\system32;C:\WINDOWS;C:\WINDOWS\System32\Wbem;C:\WINDOWS\System32\WindowsPowerShell\v1.0\;C:\Program Files (x86)\Intel\Intel(R) Management Engine Components\DAL;C:\Program Files\Intel\Intel(R) Management Engine Components\DAL;C:\Program Files (x86)\Intel\Intel(R) Management Engine Components\IPT;C:\Program Files\Intel\Intel(R) Management Engine Components\IPT;C:\Program Files\Intel\WiFi\bin\;C:\Program Files\Common Files\Intel\WirelessCommon\;C:\Users\hchitta\AppData\Local\Microsoft\WindowsApps;C:\Program Files\nodejs\;C:\Program Files\Microsoft VS Code\bin;C:\Program Files\Git\cmd;C:\Program Files\MongoDB\Server\4.0\bin;C:\HashiCorp\Vagrant\bin;C:\Program Files\PuTTY\;C:\Users\hchitta\AppData\Local\Microsoft\WindowsApps;C:\Users\hchitta\AppData\Roaming\npm;C:\Program Files\Java\jdk1.7.0_55\bin;C:\Users\hchitta\AppData\Local\atom\bin;C:\Users\hchitta\Desktop\Spring Boot\sts-4;;.]
26-10-2018 12:12:40.341 [localhost-startStop-1] INFO  o.a.c.c.C.[Tomcat].[localhost].[/].log - Initializing Spring embedded WebApplicationContext
26-10-2018 12:12:40.341 [localhost-startStop-1] INFO  o.s.web.context.ContextLoader.prepareWebApplicationContext - Root WebApplicationContext: initialization completed in 2282 ms
26-10-2018 12:12:40.476 [localhost-startStop-1] INFO  o.s.b.w.s.ServletRegistrationBean.addRegistration - Servlet dispatcherServlet mapped to [/]
26-10-2018 12:12:40.482 [localhost-startStop-1] INFO  o.s.b.w.s.FilterRegistrationBean.configure - Mapping filter: 'characterEncodingFilter' to: [/*]
26-10-2018 12:12:40.483 [localhost-startStop-1] INFO  o.s.b.w.s.FilterRegistrationBean.configure - Mapping filter: 'hiddenHttpMethodFilter' to: [/*]
26-10-2018 12:12:40.483 [localhost-startStop-1] INFO  o.s.b.w.s.FilterRegistrationBean.configure - Mapping filter: 'httpPutFormContentFilter' to: [/*]
26-10-2018 12:12:40.484 [localhost-startStop-1] INFO  o.s.b.w.s.FilterRegistrationBean.configure - Mapping filter: 'requestContextFilter' to: [/*]
26-10-2018 12:12:40.729 [main] INFO  com.zaxxer.hikari.HikariDataSource.getConnection - HikariPool-1 - Starting...
26-10-2018 12:12:41.564 [main] INFO  com.zaxxer.hikari.HikariDataSource.getConnection - HikariPool-1 - Start completed.
26-10-2018 12:12:41.649 [main] INFO  o.s.o.j.LocalContainerEntityManagerFactoryBean.createNativeEntityManagerFactory - Building JPA container EntityManagerFactory for persistence unit 'default'
26-10-2018 12:12:41.747 [main] INFO  o.h.jpa.internal.util.LogHelper.logPersistenceUnitInformation - HHH000204: Processing PersistenceUnitInfo [
	name: default
	...]
26-10-2018 12:12:42.271 [main] INFO  org.hibernate.Version.logVersion - HHH000412: Hibernate Core {5.2.17.Final}
26-10-2018 12:12:42.275 [main] INFO  org.hibernate.cfg.Environment.<clinit> - HHH000206: hibernate.properties not found
26-10-2018 12:12:42.351 [main] INFO  o.h.annotations.common.Version.<clinit> - HCANN000001: Hibernate Commons Annotations {5.0.1.Final}
26-10-2018 12:12:42.743 [main] INFO  org.hibernate.dialect.Dialect.<init> - HHH000400: Using dialect: org.hibernate.dialect.MySQL5Dialect
26-10-2018 12:12:43.623 [main] INFO  o.s.o.j.LocalContainerEntityManagerFactoryBean.buildNativeEntityManagerFactory - Initialized JPA EntityManagerFactory for persistence unit 'default'
26-10-2018 12:12:44.228 [main] INFO  o.s.w.s.h.SimpleUrlHandlerMapping.registerHandler - Mapped URL path [/**/favicon.ico] onto handler of type [class org.springframework.web.servlet.resource.ResourceHttpRequestHandler]
26-10-2018 12:12:44.528 [main] INFO  o.s.w.s.m.m.a.RequestMappingHandlerAdapter.initControllerAdviceCache - Looking for @ControllerAdvice: org.springframework.boot.web.servlet.context.AnnotationConfigServletWebServerApplicationContext@27ce24aa: startup date [Fri Oct 26 12:12:38 IST 2018]; root of context hierarchy
26-10-2018 12:12:44.571 [main] WARN  o.s.b.a.o.j.JpaBaseConfiguration$JpaWebConfiguration$JpaWebMvcConfiguration.openEntityManagerInViewInterceptor - spring.jpa.open-in-view is enabled by default. Therefore, database queries may be performed during view rendering. Explicitly configure spring.jpa.open-in-view to disable this warning
26-10-2018 12:12:44.626 [main] INFO  o.s.w.s.m.m.a.RequestMappingHandlerMapping.register - Mapped "{[/api/CDR/study/create],methods=[POST]}" onto public org.springframework.http.ResponseEntity<java.lang.String> com.cdr.sdtm.controller.StudyController.saveStudy(com.cdr.sdtm.model.Study)
26-10-2018 12:12:44.627 [main] INFO  o.s.w.s.m.m.a.RequestMappingHandlerMapping.register - Mapped "{[/api/CDR/study/update/{id}],methods=[PUT]}" onto public org.springframework.http.ResponseEntity<java.lang.String> com.cdr.sdtm.controller.StudyController.updateStudy(int,com.cdr.sdtm.model.Study)
26-10-2018 12:12:44.628 [main] INFO  o.s.w.s.m.m.a.RequestMappingHandlerMapping.register - Mapped "{[/api/CDR/study/delete/{studyID}],methods=[DELETE]}" onto public org.springframework.http.ResponseEntity<java.lang.String> com.cdr.sdtm.controller.StudyController.deleteStudy(int)
26-10-2018 12:12:44.629 [main] INFO  o.s.w.s.m.m.a.RequestMappingHandlerMapping.register - Mapped "{[/api/CDR/study/validate/{studyID}],methods=[GET]}" onto public java.util.List<com.cdr.sdtm.model.Study> com.cdr.sdtm.controller.StudyController.getAllStudies(java.lang.String)
26-10-2018 12:12:44.629 [main] INFO  o.s.w.s.m.m.a.RequestMappingHandlerMapping.register - Mapped "{[/api/CDR/study/search],methods=[GET]}" onto public java.util.List<com.cdr.sdtm.model.Study> com.cdr.sdtm.controller.StudyController.getStudyById(java.lang.String,java.lang.String,java.lang.String,java.lang.String,java.lang.String)
26-10-2018 12:12:44.630 [main] INFO  o.s.w.s.m.m.a.RequestMappingHandlerMapping.register - Mapped "{[/api/CDR/login],methods=[GET]}" onto public org.springframework.http.ResponseEntity<com.cdr.sdtm.model.CdrUser> com.cdr.sdtm.controller.UserController.validateUser(java.lang.String,java.lang.String)
26-10-2018 12:12:44.634 [main] INFO  o.s.w.s.m.m.a.RequestMappingHandlerMapping.register - Mapped "{[/error]}" onto public org.springframework.http.ResponseEntity<java.util.Map<java.lang.String, java.lang.Object>> org.springframework.boot.autoconfigure.web.servlet.error.BasicErrorController.error(javax.servlet.http.HttpServletRequest)
26-10-2018 12:12:44.635 [main] INFO  o.s.w.s.m.m.a.RequestMappingHandlerMapping.register - Mapped "{[/error],produces=[text/html]}" onto public org.springframework.web.servlet.ModelAndView org.springframework.boot.autoconfigure.web.servlet.error.BasicErrorController.errorHtml(javax.servlet.http.HttpServletRequest,javax.servlet.http.HttpServletResponse)
26-10-2018 12:12:44.676 [main] INFO  o.s.w.s.h.SimpleUrlHandlerMapping.registerHandler - Mapped URL path [/webjars/**] onto handler of type [class org.springframework.web.servlet.resource.ResourceHttpRequestHandler]
26-10-2018 12:12:44.677 [main] INFO  o.s.w.s.h.SimpleUrlHandlerMapping.registerHandler - Mapped URL path [/**] onto handler of type [class org.springframework.web.servlet.resource.ResourceHttpRequestHandler]
26-10-2018 12:12:44.694 [main] INFO  o.s.w.s.m.m.a.ExceptionHandlerExceptionResolver.initExceptionHandlerAdviceCache - Detected @ExceptionHandler methods in customizedResponseEntityExceptionHandler
26-10-2018 12:12:44.733 [main] INFO  o.s.b.a.w.s.WelcomePageHandlerMapping.<init> - Adding welcome page: class path resource [static/index.html]
26-10-2018 12:12:45.062 [main] INFO  o.s.j.e.a.AnnotationMBeanExporter.afterSingletonsInstantiated - Registering beans for JMX exposure on startup
26-10-2018 12:12:45.064 [main] INFO  o.s.j.e.a.AnnotationMBeanExporter.autodetect - Bean with name 'dataSource' has been autodetected for JMX exposure
26-10-2018 12:12:45.070 [main] INFO  o.s.j.e.a.AnnotationMBeanExporter.registerBeanInstance - Located MBean 'dataSource': registering with JMX server as MBean [com.zaxxer.hikari:name=dataSource,type=HikariDataSource]
26-10-2018 12:12:45.081 [main] INFO  o.a.coyote.http11.Http11NioProtocol.log - Starting ProtocolHandler ["http-nio-8080"]
26-10-2018 12:12:45.107 [main] INFO  o.a.tomcat.util.net.NioSelectorPool.log - Using a shared selector for servlet write/read
26-10-2018 12:12:45.132 [main] INFO  o.s.b.w.e.tomcat.TomcatWebServer.start - Tomcat started on port(s): 8080 (http) with context path ''
26-10-2018 12:12:45.136 [main] INFO  com.cdr.sdtm.CdrSdtmApplication.logStarted - Started CdrSdtmApplication in 7.797 seconds (JVM running for 9.271)
26-10-2018 12:22:00.120 [http-nio-8080-exec-1] INFO  o.a.c.c.C.[Tomcat].[localhost].[/].log - Initializing Spring FrameworkServlet 'dispatcherServlet'
26-10-2018 12:22:00.121 [http-nio-8080-exec-1] INFO  o.s.web.servlet.DispatcherServlet.initServletBean - FrameworkServlet 'dispatcherServlet': initialization started
26-10-2018 12:22:00.155 [http-nio-8080-exec-1] INFO  o.s.web.servlet.DispatcherServlet.initServletBean - FrameworkServlet 'dispatcherServlet': initialization completed in 34 ms
26-10-2018 12:22:00.239 [http-nio-8080-exec-1] INFO  o.h.h.i.QueryTranslatorFactoryInitiator.initiateService - HHH000397: Using ASTQueryTranslatorFactory
26-10-2018 12:22:00.465 [http-nio-8080-exec-1] INFO  c.cdr.sdtm.controller.UserController.validateUser - User exists with provided username and password
26-10-2018 12:24:52.644 [http-nio-8080-exec-5] INFO  c.cdr.sdtm.controller.UserController.validateUser - User exists with provided username and password
26-10-2018 12:25:25.122 [RMI TCP Connection(2)-127.0.0.1] INFO  o.s.b.a.SpringApplicationAdminMXBeanRegistrar$SpringApplicationAdmin.shutdown - Application shutdown requested.
26-10-2018 12:25:25.123 [RMI TCP Connection(2)-127.0.0.1] INFO  o.s.b.w.s.c.AnnotationConfigServletWebServerApplicationContext.doClose - Closing org.springframework.boot.web.servlet.context.AnnotationConfigServletWebServerApplicationContext@27ce24aa: startup date [Fri Oct 26 12:12:38 IST 2018]; root of context hierarchy
26-10-2018 12:25:25.126 [RMI TCP Connection(2)-127.0.0.1] INFO  o.s.j.e.a.AnnotationMBeanExporter.destroy - Unregistering JMX-exposed beans on shutdown
26-10-2018 12:25:25.127 [RMI TCP Connection(2)-127.0.0.1] INFO  o.s.j.e.a.AnnotationMBeanExporter.unregisterBeans - Unregistering JMX-exposed beans
26-10-2018 12:25:25.129 [RMI TCP Connection(2)-127.0.0.1] INFO  o.s.o.j.LocalContainerEntityManagerFactoryBean.destroy - Closing JPA EntityManagerFactory for persistence unit 'default'
26-10-2018 12:25:25.130 [RMI TCP Connection(2)-127.0.0.1] INFO  com.zaxxer.hikari.HikariDataSource.close - HikariPool-1 - Shutdown initiated...
26-10-2018 12:25:25.143 [RMI TCP Connection(2)-127.0.0.1] INFO  com.zaxxer.hikari.HikariDataSource.close - HikariPool-1 - Shutdown completed.
26-10-2018 12:26:43.017 [main] INFO  com.cdr.sdtm.CdrSdtmApplication.logStarting - Starting CdrSdtmApplication on USHYDHCHITTA7 with PID 18884 (started by hchitta in C:\Users\hchitta\Desktop\Spring Boot\SB-WS\CDR-SDTM)
26-10-2018 12:26:43.024 [main] INFO  com.cdr.sdtm.CdrSdtmApplication.logStartupProfileInfo - No active profile set, falling back to default profiles: default
26-10-2018 12:26:43.081 [main] INFO  o.s.b.w.s.c.AnnotationConfigServletWebServerApplicationContext.prepareRefresh - Refreshing org.springframework.boot.web.servlet.context.AnnotationConfigServletWebServerApplicationContext@1cbbffcd: startup date [Fri Oct 26 12:26:43 IST 2018]; root of context hierarchy
26-10-2018 12:26:44.471 [main] INFO  o.s.c.s.PostProcessorRegistrationDelegate$BeanPostProcessorChecker.postProcessAfterInitialization - Bean 'org.springframework.transaction.annotation.ProxyTransactionManagementConfiguration' of type [org.springframework.transaction.annotation.ProxyTransactionManagementConfiguration$$EnhancerBySpringCGLIB$$ac6dc77d] is not eligible for getting processed by all BeanPostProcessors (for example: not eligible for auto-proxying)
26-10-2018 12:26:45.073 [main] INFO  o.s.b.w.e.tomcat.TomcatWebServer.initialize - Tomcat initialized with port(s): 8080 (http)
26-10-2018 12:26:45.093 [main] INFO  o.a.coyote.http11.Http11NioProtocol.log - Initializing ProtocolHandler ["http-nio-8080"]
26-10-2018 12:26:45.106 [main] INFO  o.a.catalina.core.StandardService.log - Starting service [Tomcat]
26-10-2018 12:26:45.106 [main] INFO  o.a.catalina.core.StandardEngine.log - Starting Servlet Engine: Apache Tomcat/8.5.34
26-10-2018 12:26:45.112 [localhost-startStop-1] INFO  o.a.c.core.AprLifecycleListener.log - The APR based Apache Tomcat Native library which allows optimal performance in production environments was not found on the java.library.path: [C:\Program Files\Java\jdk1.8.0_181\bin;C:\WINDOWS\Sun\Java\bin;C:\WINDOWS\system32;C:\WINDOWS;C:/Program Files/Java/jdk1.8.0_181/bin/../jre/bin/server;C:/Program Files/Java/jdk1.8.0_181/bin/../jre/bin;C:/Program Files/Java/jdk1.8.0_181/bin/../jre/lib/amd64;C:\WINDOWS\system32;C:\WINDOWS;C:\WINDOWS\System32\Wbem;C:\Program Files\Java\jdk1.8.0_181\bin;C:\Program Files (x86)\Common Files\Oracle\Java\javapath;C:\Program Files (x86)\Intel\Intel(R) Management Engine Components\iCLS\;C:\Program Files\Intel\Intel(R) Management Engine Components\iCLS\;C:\WINDOWS\system32;C:\WINDOWS;C:\WINDOWS\System32\Wbem;C:\WINDOWS\System32\WindowsPowerShell\v1.0\;C:\Program Files (x86)\Intel\Intel(R) Management Engine Components\DAL;C:\Program Files\Intel\Intel(R) Management Engine Components\DAL;C:\Program Files (x86)\Intel\Intel(R) Management Engine Components\IPT;C:\Program Files\Intel\Intel(R) Management Engine Components\IPT;C:\Program Files\Intel\WiFi\bin\;C:\Program Files\Common Files\Intel\WirelessCommon\;C:\Users\hchitta\AppData\Local\Microsoft\WindowsApps;C:\Program Files\nodejs\;C:\Program Files\Microsoft VS Code\bin;C:\Program Files\Git\cmd;C:\Program Files\MongoDB\Server\4.0\bin;C:\HashiCorp\Vagrant\bin;C:\Program Files\PuTTY\;C:\Users\hchitta\AppData\Local\Microsoft\WindowsApps;C:\Users\hchitta\AppData\Roaming\npm;C:\Program Files\Java\jdk1.7.0_55\bin;C:\Users\hchitta\AppData\Local\atom\bin;C:\Users\hchitta\Desktop\Spring Boot\sts-4;;.]
26-10-2018 12:26:45.317 [localhost-startStop-1] INFO  o.a.c.c.C.[Tomcat].[localhost].[/].log - Initializing Spring embedded WebApplicationContext
26-10-2018 12:26:45.318 [localhost-startStop-1] INFO  o.s.web.context.ContextLoader.prepareWebApplicationContext - Root WebApplicationContext: initialization completed in 2237 ms
26-10-2018 12:26:45.453 [localhost-startStop-1] INFO  o.s.b.w.s.ServletRegistrationBean.addRegistration - Servlet dispatcherServlet mapped to [/]
26-10-2018 12:26:45.461 [localhost-startStop-1] INFO  o.s.b.w.s.FilterRegistrationBean.configure - Mapping filter: 'characterEncodingFilter' to: [/*]
26-10-2018 12:26:45.462 [localhost-startStop-1] INFO  o.s.b.w.s.FilterRegistrationBean.configure - Mapping filter: 'hiddenHttpMethodFilter' to: [/*]
26-10-2018 12:26:45.463 [localhost-startStop-1] INFO  o.s.b.w.s.FilterRegistrationBean.configure - Mapping filter: 'httpPutFormContentFilter' to: [/*]
26-10-2018 12:26:45.463 [localhost-startStop-1] INFO  o.s.b.w.s.FilterRegistrationBean.configure - Mapping filter: 'requestContextFilter' to: [/*]
26-10-2018 12:26:45.710 [main] INFO  com.zaxxer.hikari.HikariDataSource.getConnection - HikariPool-1 - Starting...
26-10-2018 12:26:46.565 [main] INFO  com.zaxxer.hikari.HikariDataSource.getConnection - HikariPool-1 - Start completed.
26-10-2018 12:26:46.640 [main] INFO  o.s.o.j.LocalContainerEntityManagerFactoryBean.createNativeEntityManagerFactory - Building JPA container EntityManagerFactory for persistence unit 'default'
26-10-2018 12:26:46.663 [main] INFO  o.h.jpa.internal.util.LogHelper.logPersistenceUnitInformation - HHH000204: Processing PersistenceUnitInfo [
	name: default
	...]
26-10-2018 12:26:46.838 [main] INFO  org.hibernate.Version.logVersion - HHH000412: Hibernate Core {5.2.17.Final}
26-10-2018 12:26:46.841 [main] INFO  org.hibernate.cfg.Environment.<clinit> - HHH000206: hibernate.properties not found
26-10-2018 12:26:46.921 [main] INFO  o.h.annotations.common.Version.<clinit> - HCANN000001: Hibernate Commons Annotations {5.0.1.Final}
26-10-2018 12:26:47.324 [main] INFO  org.hibernate.dialect.Dialect.<init> - HHH000400: Using dialect: org.hibernate.dialect.MySQL5Dialect
26-10-2018 12:26:48.193 [main] INFO  o.s.o.j.LocalContainerEntityManagerFactoryBean.buildNativeEntityManagerFactory - Initialized JPA EntityManagerFactory for persistence unit 'default'
26-10-2018 12:26:48.870 [main] INFO  o.s.w.s.h.SimpleUrlHandlerMapping.registerHandler - Mapped URL path [/**/favicon.ico] onto handler of type [class org.springframework.web.servlet.resource.ResourceHttpRequestHandler]
26-10-2018 12:26:49.220 [main] INFO  o.s.w.s.m.m.a.RequestMappingHandlerAdapter.initControllerAdviceCache - Looking for @ControllerAdvice: org.springframework.boot.web.servlet.context.AnnotationConfigServletWebServerApplicationContext@1cbbffcd: startup date [Fri Oct 26 12:26:43 IST 2018]; root of context hierarchy
26-10-2018 12:26:49.261 [main] WARN  o.s.b.a.o.j.JpaBaseConfiguration$JpaWebConfiguration$JpaWebMvcConfiguration.openEntityManagerInViewInterceptor - spring.jpa.open-in-view is enabled by default. Therefore, database queries may be performed during view rendering. Explicitly configure spring.jpa.open-in-view to disable this warning
26-10-2018 12:26:49.313 [main] INFO  o.s.w.s.m.m.a.RequestMappingHandlerMapping.register - Mapped "{[/api/CDR/study/update/{id}],methods=[PUT]}" onto public org.springframework.http.ResponseEntity<java.lang.String> com.cdr.sdtm.controller.StudyController.updateStudy(int,com.cdr.sdtm.model.Study)
26-10-2018 12:26:49.315 [main] INFO  o.s.w.s.m.m.a.RequestMappingHandlerMapping.register - Mapped "{[/api/CDR/study/search],methods=[GET]}" onto public java.util.List<com.cdr.sdtm.model.Study> com.cdr.sdtm.controller.StudyController.getStudyById(java.lang.String,java.lang.String,java.lang.String,java.lang.String,java.lang.String)
26-10-2018 12:26:49.316 [main] INFO  o.s.w.s.m.m.a.RequestMappingHandlerMapping.register - Mapped "{[/api/CDR/study/create],methods=[POST]}" onto public org.springframework.http.ResponseEntity<java.lang.String> com.cdr.sdtm.controller.StudyController.saveStudy(com.cdr.sdtm.model.Study)
26-10-2018 12:26:49.316 [main] INFO  o.s.w.s.m.m.a.RequestMappingHandlerMapping.register - Mapped "{[/api/CDR/study/validate/{studyID}],methods=[GET]}" onto public java.util.List<com.cdr.sdtm.model.Study> com.cdr.sdtm.controller.StudyController.getAllStudies(java.lang.String)
26-10-2018 12:26:49.317 [main] INFO  o.s.w.s.m.m.a.RequestMappingHandlerMapping.register - Mapped "{[/api/CDR/study/delete/{studyID}],methods=[DELETE]}" onto public org.springframework.http.ResponseEntity<java.lang.String> com.cdr.sdtm.controller.StudyController.deleteStudy(int)
26-10-2018 12:26:49.318 [main] INFO  o.s.w.s.m.m.a.RequestMappingHandlerMapping.register - Mapped "{[/api/CDR/login],methods=[GET]}" onto public org.springframework.http.ResponseEntity<com.cdr.sdtm.model.CdrUser> com.cdr.sdtm.controller.UserController.validateUser(java.lang.String,java.lang.String)
26-10-2018 12:26:49.323 [main] INFO  o.s.w.s.m.m.a.RequestMappingHandlerMapping.register - Mapped "{[/error]}" onto public org.springframework.http.ResponseEntity<java.util.Map<java.lang.String, java.lang.Object>> org.springframework.boot.autoconfigure.web.servlet.error.BasicErrorController.error(javax.servlet.http.HttpServletRequest)
26-10-2018 12:26:49.324 [main] INFO  o.s.w.s.m.m.a.RequestMappingHandlerMapping.register - Mapped "{[/error],produces=[text/html]}" onto public org.springframework.web.servlet.ModelAndView org.springframework.boot.autoconfigure.web.servlet.error.BasicErrorController.errorHtml(javax.servlet.http.HttpServletRequest,javax.servlet.http.HttpServletResponse)
26-10-2018 12:26:49.369 [main] INFO  o.s.w.s.h.SimpleUrlHandlerMapping.registerHandler - Mapped URL path [/webjars/**] onto handler of type [class org.springframework.web.servlet.resource.ResourceHttpRequestHandler]
26-10-2018 12:26:49.369 [main] INFO  o.s.w.s.h.SimpleUrlHandlerMapping.registerHandler - Mapped URL path [/**] onto handler of type [class org.springframework.web.servlet.resource.ResourceHttpRequestHandler]
26-10-2018 12:26:49.400 [main] INFO  o.s.w.s.m.m.a.ExceptionHandlerExceptionResolver.initExceptionHandlerAdviceCache - Detected @ExceptionHandler methods in customizedResponseEntityExceptionHandler
26-10-2018 12:26:49.449 [main] INFO  o.s.b.a.w.s.WelcomePageHandlerMapping.<init> - Adding welcome page: class path resource [static/index.html]
26-10-2018 12:26:49.774 [main] INFO  o.s.j.e.a.AnnotationMBeanExporter.afterSingletonsInstantiated - Registering beans for JMX exposure on startup
26-10-2018 12:26:49.776 [main] INFO  o.s.j.e.a.AnnotationMBeanExporter.autodetect - Bean with name 'dataSource' has been autodetected for JMX exposure
26-10-2018 12:26:49.784 [main] INFO  o.s.j.e.a.AnnotationMBeanExporter.registerBeanInstance - Located MBean 'dataSource': registering with JMX server as MBean [com.zaxxer.hikari:name=dataSource,type=HikariDataSource]
26-10-2018 12:26:49.801 [main] INFO  o.a.coyote.http11.Http11NioProtocol.log - Starting ProtocolHandler ["http-nio-8080"]
26-10-2018 12:26:49.820 [main] INFO  o.a.tomcat.util.net.NioSelectorPool.log - Using a shared selector for servlet write/read
26-10-2018 12:26:49.841 [main] INFO  o.s.b.w.e.tomcat.TomcatWebServer.start - Tomcat started on port(s): 8080 (http) with context path ''
26-10-2018 12:26:49.845 [main] INFO  com.cdr.sdtm.CdrSdtmApplication.logStarted - Started CdrSdtmApplication in 7.414 seconds (JVM running for 8.545)
26-10-2018 12:26:58.072 [http-nio-8080-exec-1] INFO  o.a.c.c.C.[Tomcat].[localhost].[/].log - Initializing Spring FrameworkServlet 'dispatcherServlet'
26-10-2018 12:26:58.072 [http-nio-8080-exec-1] INFO  o.s.web.servlet.DispatcherServlet.initServletBean - FrameworkServlet 'dispatcherServlet': initialization started
26-10-2018 12:26:58.122 [http-nio-8080-exec-1] INFO  o.s.web.servlet.DispatcherServlet.initServletBean - FrameworkServlet 'dispatcherServlet': initialization completed in 49 ms
26-10-2018 12:27:38.899 [http-nio-8080-exec-5] INFO  o.h.h.i.QueryTranslatorFactoryInitiator.initiateService - HHH000397: Using ASTQueryTranslatorFactory
26-10-2018 12:27:39.056 [http-nio-8080-exec-5] INFO  c.cdr.sdtm.controller.UserController.validateUser - User exists with provided username and password
26-10-2018 12:29:48.345 [http-nio-8080-exec-2] INFO  c.cdr.sdtm.controller.UserController.validateUser - User exists with provided username and password
26-10-2018 12:31:46.369 [RMI TCP Connection(2)-127.0.0.1] INFO  o.s.b.a.SpringApplicationAdminMXBeanRegistrar$SpringApplicationAdmin.shutdown - Application shutdown requested.
26-10-2018 12:31:46.370 [RMI TCP Connection(2)-127.0.0.1] INFO  o.s.b.w.s.c.AnnotationConfigServletWebServerApplicationContext.doClose - Closing org.springframework.boot.web.servlet.context.AnnotationConfigServletWebServerApplicationContext@1cbbffcd: startup date [Fri Oct 26 12:26:43 IST 2018]; root of context hierarchy
26-10-2018 12:31:46.372 [RMI TCP Connection(2)-127.0.0.1] INFO  o.s.j.e.a.AnnotationMBeanExporter.destroy - Unregistering JMX-exposed beans on shutdown
26-10-2018 12:31:46.373 [RMI TCP Connection(2)-127.0.0.1] INFO  o.s.j.e.a.AnnotationMBeanExporter.unregisterBeans - Unregistering JMX-exposed beans
26-10-2018 12:31:46.375 [RMI TCP Connection(2)-127.0.0.1] INFO  o.s.o.j.LocalContainerEntityManagerFactoryBean.destroy - Closing JPA EntityManagerFactory for persistence unit 'default'
26-10-2018 12:31:46.377 [RMI TCP Connection(2)-127.0.0.1] INFO  com.zaxxer.hikari.HikariDataSource.close - HikariPool-1 - Shutdown initiated...
26-10-2018 12:31:46.389 [RMI TCP Connection(2)-127.0.0.1] INFO  com.zaxxer.hikari.HikariDataSource.close - HikariPool-1 - Shutdown completed.
26-10-2018 12:32:25.016 [main] INFO  com.cdr.sdtm.CdrSdtmApplication.logStarting - Starting CdrSdtmApplication on USHYDHCHITTA7 with PID 5144 (started by hchitta in C:\Users\hchitta\Desktop\Spring Boot\SB-WS\CDR-SDTM)
26-10-2018 12:32:25.021 [main] INFO  com.cdr.sdtm.CdrSdtmApplication.logStartupProfileInfo - No active profile set, falling back to default profiles: default
26-10-2018 12:32:25.083 [main] INFO  o.s.b.w.s.c.AnnotationConfigServletWebServerApplicationContext.prepareRefresh - Refreshing org.springframework.boot.web.servlet.context.AnnotationConfigServletWebServerApplicationContext@1cbbffcd: startup date [Fri Oct 26 12:32:25 IST 2018]; root of context hierarchy
26-10-2018 12:32:26.355 [main] INFO  o.s.c.s.PostProcessorRegistrationDelegate$BeanPostProcessorChecker.postProcessAfterInitialization - Bean 'org.springframework.transaction.annotation.ProxyTransactionManagementConfiguration' of type [org.springframework.transaction.annotation.ProxyTransactionManagementConfiguration$$EnhancerBySpringCGLIB$$b720ee82] is not eligible for getting processed by all BeanPostProcessors (for example: not eligible for auto-proxying)
26-10-2018 12:32:26.917 [main] INFO  o.s.b.w.e.tomcat.TomcatWebServer.initialize - Tomcat initialized with port(s): 8080 (http)
26-10-2018 12:32:26.935 [main] INFO  o.a.coyote.http11.Http11NioProtocol.log - Initializing ProtocolHandler ["http-nio-8080"]
26-10-2018 12:32:26.947 [main] INFO  o.a.catalina.core.StandardService.log - Starting service [Tomcat]
26-10-2018 12:32:26.948 [main] INFO  o.a.catalina.core.StandardEngine.log - Starting Servlet Engine: Apache Tomcat/8.5.34
26-10-2018 12:32:26.953 [localhost-startStop-1] INFO  o.a.c.core.AprLifecycleListener.log - The APR based Apache Tomcat Native library which allows optimal performance in production environments was not found on the java.library.path: [C:\Program Files\Java\jdk1.8.0_181\bin;C:\WINDOWS\Sun\Java\bin;C:\WINDOWS\system32;C:\WINDOWS;C:/Program Files/Java/jdk1.8.0_181/bin/../jre/bin/server;C:/Program Files/Java/jdk1.8.0_181/bin/../jre/bin;C:/Program Files/Java/jdk1.8.0_181/bin/../jre/lib/amd64;C:\WINDOWS\system32;C:\WINDOWS;C:\WINDOWS\System32\Wbem;C:\Program Files\Java\jdk1.8.0_181\bin;C:\Program Files (x86)\Common Files\Oracle\Java\javapath;C:\Program Files (x86)\Intel\Intel(R) Management Engine Components\iCLS\;C:\Program Files\Intel\Intel(R) Management Engine Components\iCLS\;C:\WINDOWS\system32;C:\WINDOWS;C:\WINDOWS\System32\Wbem;C:\WINDOWS\System32\WindowsPowerShell\v1.0\;C:\Program Files (x86)\Intel\Intel(R) Management Engine Components\DAL;C:\Program Files\Intel\Intel(R) Management Engine Components\DAL;C:\Program Files (x86)\Intel\Intel(R) Management Engine Components\IPT;C:\Program Files\Intel\Intel(R) Management Engine Components\IPT;C:\Program Files\Intel\WiFi\bin\;C:\Program Files\Common Files\Intel\WirelessCommon\;C:\Users\hchitta\AppData\Local\Microsoft\WindowsApps;C:\Program Files\nodejs\;C:\Program Files\Microsoft VS Code\bin;C:\Program Files\Git\cmd;C:\Program Files\MongoDB\Server\4.0\bin;C:\HashiCorp\Vagrant\bin;C:\Program Files\PuTTY\;C:\Users\hchitta\AppData\Local\Microsoft\WindowsApps;C:\Users\hchitta\AppData\Roaming\npm;C:\Program Files\Java\jdk1.7.0_55\bin;C:\Users\hchitta\AppData\Local\atom\bin;C:\Users\hchitta\Desktop\Spring Boot\sts-4;;.]
26-10-2018 12:32:27.122 [localhost-startStop-1] INFO  o.a.c.c.C.[Tomcat].[localhost].[/].log - Initializing Spring embedded WebApplicationContext
26-10-2018 12:32:27.123 [localhost-startStop-1] INFO  o.s.web.context.ContextLoader.prepareWebApplicationContext - Root WebApplicationContext: initialization completed in 2040 ms
26-10-2018 12:32:27.238 [localhost-startStop-1] INFO  o.s.b.w.s.ServletRegistrationBean.addRegistration - Servlet dispatcherServlet mapped to [/]
26-10-2018 12:32:27.246 [localhost-startStop-1] INFO  o.s.b.w.s.FilterRegistrationBean.configure - Mapping filter: 'characterEncodingFilter' to: [/*]
26-10-2018 12:32:27.247 [localhost-startStop-1] INFO  o.s.b.w.s.FilterRegistrationBean.configure - Mapping filter: 'hiddenHttpMethodFilter' to: [/*]
26-10-2018 12:32:27.248 [localhost-startStop-1] INFO  o.s.b.w.s.FilterRegistrationBean.configure - Mapping filter: 'httpPutFormContentFilter' to: [/*]
26-10-2018 12:32:27.248 [localhost-startStop-1] INFO  o.s.b.w.s.FilterRegistrationBean.configure - Mapping filter: 'requestContextFilter' to: [/*]
26-10-2018 12:32:27.478 [main] INFO  com.zaxxer.hikari.HikariDataSource.getConnection - HikariPool-1 - Starting...
26-10-2018 12:32:28.379 [main] INFO  com.zaxxer.hikari.HikariDataSource.getConnection - HikariPool-1 - Start completed.
26-10-2018 12:32:28.447 [main] INFO  o.s.o.j.LocalContainerEntityManagerFactoryBean.createNativeEntityManagerFactory - Building JPA container EntityManagerFactory for persistence unit 'default'
26-10-2018 12:32:28.467 [main] INFO  o.h.jpa.internal.util.LogHelper.logPersistenceUnitInformation - HHH000204: Processing PersistenceUnitInfo [
	name: default
	...]
26-10-2018 12:32:28.620 [main] INFO  org.hibernate.Version.logVersion - HHH000412: Hibernate Core {5.2.17.Final}
26-10-2018 12:32:28.622 [main] INFO  org.hibernate.cfg.Environment.<clinit> - HHH000206: hibernate.properties not found
26-10-2018 12:32:28.713 [main] INFO  o.h.annotations.common.Version.<clinit> - HCANN000001: Hibernate Commons Annotations {5.0.1.Final}
26-10-2018 12:32:29.071 [main] INFO  org.hibernate.dialect.Dialect.<init> - HHH000400: Using dialect: org.hibernate.dialect.MySQL5Dialect
26-10-2018 12:32:29.912 [main] INFO  o.s.o.j.LocalContainerEntityManagerFactoryBean.buildNativeEntityManagerFactory - Initialized JPA EntityManagerFactory for persistence unit 'default'
26-10-2018 12:32:30.559 [main] INFO  o.s.w.s.h.SimpleUrlHandlerMapping.registerHandler - Mapped URL path [/**/favicon.ico] onto handler of type [class org.springframework.web.servlet.resource.ResourceHttpRequestHandler]
26-10-2018 12:32:30.817 [main] INFO  o.s.w.s.m.m.a.RequestMappingHandlerAdapter.initControllerAdviceCache - Looking for @ControllerAdvice: org.springframework.boot.web.servlet.context.AnnotationConfigServletWebServerApplicationContext@1cbbffcd: startup date [Fri Oct 26 12:32:25 IST 2018]; root of context hierarchy
26-10-2018 12:32:30.876 [main] WARN  o.s.b.a.o.j.JpaBaseConfiguration$JpaWebConfiguration$JpaWebMvcConfiguration.openEntityManagerInViewInterceptor - spring.jpa.open-in-view is enabled by default. Therefore, database queries may be performed during view rendering. Explicitly configure spring.jpa.open-in-view to disable this warning
26-10-2018 12:32:30.933 [main] INFO  o.s.w.s.m.m.a.RequestMappingHandlerMapping.register - Mapped "{[/api/CDR/study/validate/{studyID}],methods=[GET]}" onto public java.util.List<com.cdr.sdtm.model.Study> com.cdr.sdtm.controller.StudyController.getAllStudies(java.lang.String)
26-10-2018 12:32:30.934 [main] INFO  o.s.w.s.m.m.a.RequestMappingHandlerMapping.register - Mapped "{[/api/CDR/study/delete/{studyID}],methods=[DELETE]}" onto public org.springframework.http.ResponseEntity<java.lang.String> com.cdr.sdtm.controller.StudyController.deleteStudy(int)
26-10-2018 12:32:30.935 [main] INFO  o.s.w.s.m.m.a.RequestMappingHandlerMapping.register - Mapped "{[/api/CDR/study/create],methods=[POST]}" onto public org.springframework.http.ResponseEntity<java.lang.String> com.cdr.sdtm.controller.StudyController.saveStudy(com.cdr.sdtm.model.Study)
26-10-2018 12:32:30.936 [main] INFO  o.s.w.s.m.m.a.RequestMappingHandlerMapping.register - Mapped "{[/api/CDR/study/search],methods=[GET]}" onto public java.util.List<com.cdr.sdtm.model.Study> com.cdr.sdtm.controller.StudyController.getStudyById(java.lang.String,java.lang.String,java.lang.String,java.lang.String,java.lang.String)
26-10-2018 12:32:30.937 [main] INFO  o.s.w.s.m.m.a.RequestMappingHandlerMapping.register - Mapped "{[/api/CDR/study/update/{id}],methods=[PUT]}" onto public org.springframework.http.ResponseEntity<java.lang.String> com.cdr.sdtm.controller.StudyController.updateStudy(int,com.cdr.sdtm.model.Study)
26-10-2018 12:32:30.938 [main] INFO  o.s.w.s.m.m.a.RequestMappingHandlerMapping.register - Mapped "{[/api/CDR/login],methods=[GET]}" onto public org.springframework.http.ResponseEntity<com.cdr.sdtm.model.CdrUser> com.cdr.sdtm.controller.UserController.validateUser(java.lang.String,java.lang.String)
26-10-2018 12:32:30.943 [main] INFO  o.s.w.s.m.m.a.RequestMappingHandlerMapping.register - Mapped "{[/error]}" onto public org.springframework.http.ResponseEntity<java.util.Map<java.lang.String, java.lang.Object>> org.springframework.boot.autoconfigure.web.servlet.error.BasicErrorController.error(javax.servlet.http.HttpServletRequest)
26-10-2018 12:32:30.945 [main] INFO  o.s.w.s.m.m.a.RequestMappingHandlerMapping.register - Mapped "{[/error],produces=[text/html]}" onto public org.springframework.web.servlet.ModelAndView org.springframework.boot.autoconfigure.web.servlet.error.BasicErrorController.errorHtml(javax.servlet.http.HttpServletRequest,javax.servlet.http.HttpServletResponse)
26-10-2018 12:32:30.992 [main] INFO  o.s.w.s.h.SimpleUrlHandlerMapping.registerHandler - Mapped URL path [/webjars/**] onto handler of type [class org.springframework.web.servlet.resource.ResourceHttpRequestHandler]
26-10-2018 12:32:30.993 [main] INFO  o.s.w.s.h.SimpleUrlHandlerMapping.registerHandler - Mapped URL path [/**] onto handler of type [class org.springframework.web.servlet.resource.ResourceHttpRequestHandler]
26-10-2018 12:32:31.019 [main] INFO  o.s.w.s.m.m.a.ExceptionHandlerExceptionResolver.initExceptionHandlerAdviceCache - Detected @ExceptionHandler methods in customizedResponseEntityExceptionHandler
26-10-2018 12:32:31.060 [main] INFO  o.s.b.a.w.s.WelcomePageHandlerMapping.<init> - Adding welcome page: class path resource [static/index.html]
26-10-2018 12:32:31.320 [main] INFO  o.s.j.e.a.AnnotationMBeanExporter.afterSingletonsInstantiated - Registering beans for JMX exposure on startup
26-10-2018 12:32:31.321 [main] INFO  o.s.j.e.a.AnnotationMBeanExporter.autodetect - Bean with name 'dataSource' has been autodetected for JMX exposure
26-10-2018 12:32:31.331 [main] INFO  o.s.j.e.a.AnnotationMBeanExporter.registerBeanInstance - Located MBean 'dataSource': registering with JMX server as MBean [com.zaxxer.hikari:name=dataSource,type=HikariDataSource]
26-10-2018 12:32:31.351 [main] INFO  o.a.coyote.http11.Http11NioProtocol.log - Starting ProtocolHandler ["http-nio-8080"]
26-10-2018 12:32:31.375 [main] INFO  o.a.tomcat.util.net.NioSelectorPool.log - Using a shared selector for servlet write/read
26-10-2018 12:32:31.413 [main] INFO  o.s.b.w.e.tomcat.TomcatWebServer.start - Tomcat started on port(s): 8080 (http) with context path ''
26-10-2018 12:32:31.417 [main] INFO  com.cdr.sdtm.CdrSdtmApplication.logStarted - Started CdrSdtmApplication in 6.98 seconds (JVM running for 8.078)
26-10-2018 12:32:41.852 [http-nio-8080-exec-1] INFO  o.a.c.c.C.[Tomcat].[localhost].[/].log - Initializing Spring FrameworkServlet 'dispatcherServlet'
26-10-2018 12:32:41.853 [http-nio-8080-exec-1] INFO  o.s.web.servlet.DispatcherServlet.initServletBean - FrameworkServlet 'dispatcherServlet': initialization started
26-10-2018 12:32:41.908 [http-nio-8080-exec-1] INFO  o.s.web.servlet.DispatcherServlet.initServletBean - FrameworkServlet 'dispatcherServlet': initialization completed in 55 ms
26-10-2018 12:32:51.599 [http-nio-8080-exec-5] INFO  o.h.h.i.QueryTranslatorFactoryInitiator.initiateService - HHH000397: Using ASTQueryTranslatorFactory
26-10-2018 12:32:51.753 [http-nio-8080-exec-5] INFO  c.cdr.sdtm.controller.UserController.validateUser - User exists with provided username and password
26-10-2018 12:37:57.326 [http-nio-8080-exec-8] INFO  c.cdr.sdtm.controller.UserController.validateUser - User exists with provided username and password
26-10-2018 12:38:01.641 [http-nio-8080-exec-6] INFO  c.cdr.sdtm.controller.UserController.validateUser - User exists with provided username and password
26-10-2018 12:38:05.588 [http-nio-8080-exec-1] INFO  c.cdr.sdtm.controller.UserController.validateUser - User exists with provided username and password
26-10-2018 12:38:54.669 [http-nio-8080-exec-7] INFO  c.cdr.sdtm.controller.UserController.validateUser - User exists with provided username and password
26-10-2018 12:39:09.903 [http-nio-8080-exec-10] INFO  c.cdr.sdtm.controller.UserController.validateUser - User exists with provided username and password
26-10-2018 12:44:59.888 [http-nio-8080-exec-5] INFO  c.cdr.sdtm.controller.UserController.validateUser - User exists with provided username and password
26-10-2018 12:51:20.142 [RMI TCP Connection(2)-127.0.0.1] INFO  o.s.b.a.SpringApplicationAdminMXBeanRegistrar$SpringApplicationAdmin.shutdown - Application shutdown requested.
26-10-2018 12:51:20.143 [RMI TCP Connection(2)-127.0.0.1] INFO  o.s.b.w.s.c.AnnotationConfigServletWebServerApplicationContext.doClose - Closing org.springframework.boot.web.servlet.context.AnnotationConfigServletWebServerApplicationContext@1cbbffcd: startup date [Fri Oct 26 12:32:25 IST 2018]; root of context hierarchy
26-10-2018 12:51:20.145 [RMI TCP Connection(2)-127.0.0.1] INFO  o.s.j.e.a.AnnotationMBeanExporter.destroy - Unregistering JMX-exposed beans on shutdown
26-10-2018 12:51:20.146 [RMI TCP Connection(2)-127.0.0.1] INFO  o.s.j.e.a.AnnotationMBeanExporter.unregisterBeans - Unregistering JMX-exposed beans
26-10-2018 12:51:20.149 [RMI TCP Connection(2)-127.0.0.1] INFO  o.s.o.j.LocalContainerEntityManagerFactoryBean.destroy - Closing JPA EntityManagerFactory for persistence unit 'default'
26-10-2018 12:51:20.151 [RMI TCP Connection(2)-127.0.0.1] INFO  com.zaxxer.hikari.HikariDataSource.close - HikariPool-1 - Shutdown initiated...
26-10-2018 12:51:20.162 [RMI TCP Connection(2)-127.0.0.1] INFO  com.zaxxer.hikari.HikariDataSource.close - HikariPool-1 - Shutdown completed.
26-10-2018 12:55:02.593 [main] INFO  com.cdr.sdtm.CdrSdtmApplication.logStarting - Starting CdrSdtmApplication on USHYDHCHITTA7 with PID 8124 (started by hchitta in C:\Users\hchitta\Desktop\Spring Boot\SB-WS\CDR-SDTM)
26-10-2018 12:55:02.600 [main] INFO  com.cdr.sdtm.CdrSdtmApplication.logStartupProfileInfo - No active profile set, falling back to default profiles: default
26-10-2018 12:55:02.659 [main] INFO  o.s.b.w.s.c.AnnotationConfigServletWebServerApplicationContext.prepareRefresh - Refreshing org.springframework.boot.web.servlet.context.AnnotationConfigServletWebServerApplicationContext@c33b74f: startup date [Fri Oct 26 12:55:02 IST 2018]; root of context hierarchy
26-10-2018 12:55:03.901 [main] INFO  o.s.c.s.PostProcessorRegistrationDelegate$BeanPostProcessorChecker.postProcessAfterInitialization - Bean 'org.springframework.transaction.annotation.ProxyTransactionManagementConfiguration' of type [org.springframework.transaction.annotation.ProxyTransactionManagementConfiguration$$EnhancerBySpringCGLIB$$e86cac70] is not eligible for getting processed by all BeanPostProcessors (for example: not eligible for auto-proxying)
26-10-2018 12:55:04.411 [main] INFO  o.s.b.w.e.tomcat.TomcatWebServer.initialize - Tomcat initialized with port(s): 8080 (http)
26-10-2018 12:55:04.432 [main] INFO  o.a.coyote.http11.Http11NioProtocol.log - Initializing ProtocolHandler ["http-nio-8080"]
26-10-2018 12:55:04.446 [main] INFO  o.a.catalina.core.StandardService.log - Starting service [Tomcat]
26-10-2018 12:55:04.446 [main] INFO  o.a.catalina.core.StandardEngine.log - Starting Servlet Engine: Apache Tomcat/8.5.34
26-10-2018 12:55:04.451 [localhost-startStop-1] INFO  o.a.c.core.AprLifecycleListener.log - The APR based Apache Tomcat Native library which allows optimal performance in production environments was not found on the java.library.path: [C:\Program Files\Java\jdk1.8.0_181\bin;C:\WINDOWS\Sun\Java\bin;C:\WINDOWS\system32;C:\WINDOWS;C:/Program Files/Java/jdk1.8.0_181/bin/../jre/bin/server;C:/Program Files/Java/jdk1.8.0_181/bin/../jre/bin;C:/Program Files/Java/jdk1.8.0_181/bin/../jre/lib/amd64;C:\WINDOWS\system32;C:\WINDOWS;C:\WINDOWS\System32\Wbem;C:\Program Files\Java\jdk1.8.0_181\bin;C:\Program Files (x86)\Common Files\Oracle\Java\javapath;C:\Program Files (x86)\Intel\Intel(R) Management Engine Components\iCLS\;C:\Program Files\Intel\Intel(R) Management Engine Components\iCLS\;C:\WINDOWS\system32;C:\WINDOWS;C:\WINDOWS\System32\Wbem;C:\WINDOWS\System32\WindowsPowerShell\v1.0\;C:\Program Files (x86)\Intel\Intel(R) Management Engine Components\DAL;C:\Program Files\Intel\Intel(R) Management Engine Components\DAL;C:\Program Files (x86)\Intel\Intel(R) Management Engine Components\IPT;C:\Program Files\Intel\Intel(R) Management Engine Components\IPT;C:\Program Files\Intel\WiFi\bin\;C:\Program Files\Common Files\Intel\WirelessCommon\;C:\Users\hchitta\AppData\Local\Microsoft\WindowsApps;C:\Program Files\nodejs\;C:\Program Files\Microsoft VS Code\bin;C:\Program Files\Git\cmd;C:\Program Files\MongoDB\Server\4.0\bin;C:\HashiCorp\Vagrant\bin;C:\Program Files\PuTTY\;C:\Users\hchitta\AppData\Local\Microsoft\WindowsApps;C:\Users\hchitta\AppData\Roaming\npm;C:\Program Files\Java\jdk1.7.0_55\bin;C:\Users\hchitta\AppData\Local\atom\bin;C:\Users\hchitta\Desktop\Spring Boot\sts-4;;.]
26-10-2018 12:55:04.622 [localhost-startStop-1] INFO  o.a.c.c.C.[Tomcat].[localhost].[/].log - Initializing Spring embedded WebApplicationContext
26-10-2018 12:55:04.622 [localhost-startStop-1] INFO  o.s.web.context.ContextLoader.prepareWebApplicationContext - Root WebApplicationContext: initialization completed in 1963 ms
26-10-2018 12:55:04.735 [localhost-startStop-1] INFO  o.s.b.w.s.ServletRegistrationBean.addRegistration - Servlet dispatcherServlet mapped to [/]
26-10-2018 12:55:04.740 [localhost-startStop-1] INFO  o.s.b.w.s.FilterRegistrationBean.configure - Mapping filter: 'characterEncodingFilter' to: [/*]
26-10-2018 12:55:04.741 [localhost-startStop-1] INFO  o.s.b.w.s.FilterRegistrationBean.configure - Mapping filter: 'hiddenHttpMethodFilter' to: [/*]
26-10-2018 12:55:04.741 [localhost-startStop-1] INFO  o.s.b.w.s.FilterRegistrationBean.configure - Mapping filter: 'httpPutFormContentFilter' to: [/*]
26-10-2018 12:55:04.741 [localhost-startStop-1] INFO  o.s.b.w.s.FilterRegistrationBean.configure - Mapping filter: 'requestContextFilter' to: [/*]
26-10-2018 12:55:04.924 [main] INFO  com.zaxxer.hikari.HikariDataSource.getConnection - HikariPool-1 - Starting...
26-10-2018 12:55:05.704 [main] INFO  com.zaxxer.hikari.HikariDataSource.getConnection - HikariPool-1 - Start completed.
26-10-2018 12:55:05.759 [main] INFO  o.s.o.j.LocalContainerEntityManagerFactoryBean.createNativeEntityManagerFactory - Building JPA container EntityManagerFactory for persistence unit 'default'
26-10-2018 12:55:05.781 [main] INFO  o.h.jpa.internal.util.LogHelper.logPersistenceUnitInformation - HHH000204: Processing PersistenceUnitInfo [
	name: default
	...]
26-10-2018 12:55:05.924 [main] INFO  org.hibernate.Version.logVersion - HHH000412: Hibernate Core {5.2.17.Final}
26-10-2018 12:55:05.927 [main] INFO  org.hibernate.cfg.Environment.<clinit> - HHH000206: hibernate.properties not found
26-10-2018 12:55:06.003 [main] INFO  o.h.annotations.common.Version.<clinit> - HCANN000001: Hibernate Commons Annotations {5.0.1.Final}
26-10-2018 12:55:06.403 [main] INFO  org.hibernate.dialect.Dialect.<init> - HHH000400: Using dialect: org.hibernate.dialect.MySQL5Dialect
26-10-2018 12:55:07.352 [main] INFO  o.s.o.j.LocalContainerEntityManagerFactoryBean.buildNativeEntityManagerFactory - Initialized JPA EntityManagerFactory for persistence unit 'default'
26-10-2018 12:55:08.028 [main] INFO  o.s.w.s.h.SimpleUrlHandlerMapping.registerHandler - Mapped URL path [/**/favicon.ico] onto handler of type [class org.springframework.web.servlet.resource.ResourceHttpRequestHandler]
26-10-2018 12:55:08.343 [main] INFO  o.s.w.s.m.m.a.RequestMappingHandlerAdapter.initControllerAdviceCache - Looking for @ControllerAdvice: org.springframework.boot.web.servlet.context.AnnotationConfigServletWebServerApplicationContext@c33b74f: startup date [Fri Oct 26 12:55:02 IST 2018]; root of context hierarchy
26-10-2018 12:55:08.394 [main] WARN  o.s.b.a.o.j.JpaBaseConfiguration$JpaWebConfiguration$JpaWebMvcConfiguration.openEntityManagerInViewInterceptor - spring.jpa.open-in-view is enabled by default. Therefore, database queries may be performed during view rendering. Explicitly configure spring.jpa.open-in-view to disable this warning
26-10-2018 12:55:08.449 [main] INFO  o.s.w.s.m.m.a.RequestMappingHandlerMapping.register - Mapped "{[/api/CDR/study/create],methods=[POST]}" onto public org.springframework.http.ResponseEntity<java.lang.String> com.cdr.sdtm.controller.StudyController.saveStudy(com.cdr.sdtm.model.Study)
26-10-2018 12:55:08.451 [main] INFO  o.s.w.s.m.m.a.RequestMappingHandlerMapping.register - Mapped "{[/api/CDR/study/search],methods=[GET]}" onto public java.util.List<com.cdr.sdtm.model.Study> com.cdr.sdtm.controller.StudyController.getStudyById(java.lang.String,java.lang.String,java.lang.String,java.lang.String,java.lang.String)
26-10-2018 12:55:08.451 [main] INFO  o.s.w.s.m.m.a.RequestMappingHandlerMapping.register - Mapped "{[/api/CDR/study/delete/{studyID}],methods=[DELETE]}" onto public org.springframework.http.ResponseEntity<java.lang.String> com.cdr.sdtm.controller.StudyController.deleteStudy(int)
26-10-2018 12:55:08.452 [main] INFO  o.s.w.s.m.m.a.RequestMappingHandlerMapping.register - Mapped "{[/api/CDR/study/update/{id}],methods=[PUT]}" onto public org.springframework.http.ResponseEntity<java.lang.String> com.cdr.sdtm.controller.StudyController.updateStudy(int,com.cdr.sdtm.model.Study)
26-10-2018 12:55:08.452 [main] INFO  o.s.w.s.m.m.a.RequestMappingHandlerMapping.register - Mapped "{[/api/CDR/study/validate/{studyID}],methods=[GET]}" onto public java.util.List<com.cdr.sdtm.model.Study> com.cdr.sdtm.controller.StudyController.getAllStudies(java.lang.String)
26-10-2018 12:55:08.453 [main] INFO  o.s.w.s.m.m.a.RequestMappingHandlerMapping.register - Mapped "{[/api/CDR/login],methods=[GET]}" onto public org.springframework.http.ResponseEntity<com.cdr.sdtm.model.CdrUser> com.cdr.sdtm.controller.UserController.validateUser(java.lang.String,java.lang.String)
26-10-2018 12:55:08.456 [main] INFO  o.s.w.s.m.m.a.RequestMappingHandlerMapping.register - Mapped "{[/error]}" onto public org.springframework.http.ResponseEntity<java.util.Map<java.lang.String, java.lang.Object>> org.springframework.boot.autoconfigure.web.servlet.error.BasicErrorController.error(javax.servlet.http.HttpServletRequest)
26-10-2018 12:55:08.456 [main] INFO  o.s.w.s.m.m.a.RequestMappingHandlerMapping.register - Mapped "{[/error],produces=[text/html]}" onto public org.springframework.web.servlet.ModelAndView org.springframework.boot.autoconfigure.web.servlet.error.BasicErrorController.errorHtml(javax.servlet.http.HttpServletRequest,javax.servlet.http.HttpServletResponse)
26-10-2018 12:55:08.494 [main] INFO  o.s.w.s.h.SimpleUrlHandlerMapping.registerHandler - Mapped URL path [/webjars/**] onto handler of type [class org.springframework.web.servlet.resource.ResourceHttpRequestHandler]
26-10-2018 12:55:08.494 [main] INFO  o.s.w.s.h.SimpleUrlHandlerMapping.registerHandler - Mapped URL path [/**] onto handler of type [class org.springframework.web.servlet.resource.ResourceHttpRequestHandler]
26-10-2018 12:55:08.514 [main] INFO  o.s.w.s.m.m.a.ExceptionHandlerExceptionResolver.initExceptionHandlerAdviceCache - Detected @ExceptionHandler methods in customizedResponseEntityExceptionHandler
26-10-2018 12:55:08.560 [main] INFO  o.s.b.a.w.s.WelcomePageHandlerMapping.<init> - Adding welcome page: class path resource [static/index.html]
26-10-2018 12:55:08.883 [main] INFO  o.s.j.e.a.AnnotationMBeanExporter.afterSingletonsInstantiated - Registering beans for JMX exposure on startup
26-10-2018 12:55:08.885 [main] INFO  o.s.j.e.a.AnnotationMBeanExporter.autodetect - Bean with name 'dataSource' has been autodetected for JMX exposure
26-10-2018 12:55:08.891 [main] INFO  o.s.j.e.a.AnnotationMBeanExporter.registerBeanInstance - Located MBean 'dataSource': registering with JMX server as MBean [com.zaxxer.hikari:name=dataSource,type=HikariDataSource]
26-10-2018 12:55:08.904 [main] INFO  o.a.coyote.http11.Http11NioProtocol.log - Starting ProtocolHandler ["http-nio-8080"]
26-10-2018 12:55:08.927 [main] INFO  o.a.tomcat.util.net.NioSelectorPool.log - Using a shared selector for servlet write/read
26-10-2018 12:55:08.949 [main] INFO  o.s.b.w.e.tomcat.TomcatWebServer.start - Tomcat started on port(s): 8080 (http) with context path ''
26-10-2018 12:55:08.952 [main] INFO  com.cdr.sdtm.CdrSdtmApplication.logStarted - Started CdrSdtmApplication in 6.929 seconds (JVM running for 8.021)
26-10-2018 12:55:15.730 [http-nio-8080-exec-1] INFO  o.a.c.c.C.[Tomcat].[localhost].[/].log - Initializing Spring FrameworkServlet 'dispatcherServlet'
26-10-2018 12:55:15.731 [http-nio-8080-exec-1] INFO  o.s.web.servlet.DispatcherServlet.initServletBean - FrameworkServlet 'dispatcherServlet': initialization started
26-10-2018 12:55:15.798 [http-nio-8080-exec-1] INFO  o.s.web.servlet.DispatcherServlet.initServletBean - FrameworkServlet 'dispatcherServlet': initialization completed in 67 ms
26-10-2018 12:55:24.955 [http-nio-8080-exec-3] INFO  o.h.h.i.QueryTranslatorFactoryInitiator.initiateService - HHH000397: Using ASTQueryTranslatorFactory
26-10-2018 12:55:25.132 [http-nio-8080-exec-3] INFO  c.cdr.sdtm.controller.UserController.validateUser - User exists with provided username and password
26-10-2018 12:55:43.190 [http-nio-8080-exec-5] INFO  c.c.sdtm.controller.StudyController.getStudyById - Search Study method - STARTS
26-10-2018 12:55:43.250 [http-nio-8080-exec-5] INFO  c.c.sdtm.controller.StudyController.getStudyById - Search Study method - ENDS
26-10-2018 12:56:02.193 [http-nio-8080-exec-8] INFO  c.c.sdtm.controller.StudyController.getStudyById - Search Study method - STARTS
26-10-2018 12:56:02.200 [http-nio-8080-exec-8] INFO  c.c.sdtm.controller.StudyController.getStudyById - Search Study method - ENDS
26-10-2018 12:58:38.054 [http-nio-8080-exec-4] INFO  c.cdr.sdtm.controller.UserController.validateUser - User exists with provided username and password
26-10-2018 12:58:54.910 [http-nio-8080-exec-2] INFO  c.cdr.sdtm.controller.UserController.validateUser - User exists with provided username and password
26-10-2018 13:49:17.824 [RMI TCP Connection(2)-127.0.0.1] INFO  o.s.b.a.SpringApplicationAdminMXBeanRegistrar$SpringApplicationAdmin.shutdown - Application shutdown requested.
26-10-2018 13:49:17.825 [RMI TCP Connection(2)-127.0.0.1] INFO  o.s.b.w.s.c.AnnotationConfigServletWebServerApplicationContext.doClose - Closing org.springframework.boot.web.servlet.context.AnnotationConfigServletWebServerApplicationContext@c33b74f: startup date [Fri Oct 26 12:55:02 IST 2018]; root of context hierarchy
26-10-2018 13:49:17.827 [RMI TCP Connection(2)-127.0.0.1] INFO  o.s.j.e.a.AnnotationMBeanExporter.destroy - Unregistering JMX-exposed beans on shutdown
26-10-2018 13:49:17.828 [RMI TCP Connection(2)-127.0.0.1] INFO  o.s.j.e.a.AnnotationMBeanExporter.unregisterBeans - Unregistering JMX-exposed beans
26-10-2018 13:49:17.830 [RMI TCP Connection(2)-127.0.0.1] INFO  o.s.o.j.LocalContainerEntityManagerFactoryBean.destroy - Closing JPA EntityManagerFactory for persistence unit 'default'
26-10-2018 13:49:17.831 [RMI TCP Connection(2)-127.0.0.1] INFO  com.zaxxer.hikari.HikariDataSource.close - HikariPool-1 - Shutdown initiated...
26-10-2018 13:49:17.848 [RMI TCP Connection(2)-127.0.0.1] INFO  com.zaxxer.hikari.HikariDataSource.close - HikariPool-1 - Shutdown completed.
26-10-2018 14:30:10.998 [main] INFO  com.cdr.sdtm.CdrSdtmApplication.logStarting - Starting CdrSdtmApplication on USHYDHCHITTA7 with PID 3376 (started by hchitta in C:\Users\hchitta\Desktop\Spring Boot\SB-WS\CDR-SDTM)
26-10-2018 14:30:11.005 [main] INFO  com.cdr.sdtm.CdrSdtmApplication.logStartupProfileInfo - No active profile set, falling back to default profiles: default
26-10-2018 14:30:11.077 [main] INFO  o.s.b.w.s.c.AnnotationConfigServletWebServerApplicationContext.prepareRefresh - Refreshing org.springframework.boot.web.servlet.context.AnnotationConfigServletWebServerApplicationContext@3daa422a: startup date [Fri Oct 26 14:30:11 IST 2018]; root of context hierarchy
26-10-2018 14:30:12.849 [main] INFO  o.s.c.s.PostProcessorRegistrationDelegate$BeanPostProcessorChecker.postProcessAfterInitialization - Bean 'org.springframework.transaction.annotation.ProxyTransactionManagementConfiguration' of type [org.springframework.transaction.annotation.ProxyTransactionManagementConfiguration$$EnhancerBySpringCGLIB$$2514c3c7] is not eligible for getting processed by all BeanPostProcessors (for example: not eligible for auto-proxying)
26-10-2018 14:30:13.508 [main] INFO  o.s.b.w.e.tomcat.TomcatWebServer.initialize - Tomcat initialized with port(s): 8080 (http)
26-10-2018 14:30:13.531 [main] INFO  o.a.coyote.http11.Http11NioProtocol.log - Initializing ProtocolHandler ["http-nio-8080"]
26-10-2018 14:30:13.549 [main] INFO  o.a.catalina.core.StandardService.log - Starting service [Tomcat]
26-10-2018 14:30:13.549 [main] INFO  o.a.catalina.core.StandardEngine.log - Starting Servlet Engine: Apache Tomcat/8.5.34
26-10-2018 14:30:13.555 [localhost-startStop-1] INFO  o.a.c.core.AprLifecycleListener.log - The APR based Apache Tomcat Native library which allows optimal performance in production environments was not found on the java.library.path: [C:\Program Files\Java\jdk1.8.0_181\bin;C:\WINDOWS\Sun\Java\bin;C:\WINDOWS\system32;C:\WINDOWS;C:/Program Files/Java/jdk1.8.0_181/bin/../jre/bin/server;C:/Program Files/Java/jdk1.8.0_181/bin/../jre/bin;C:/Program Files/Java/jdk1.8.0_181/bin/../jre/lib/amd64;C:\WINDOWS\system32;C:\WINDOWS;C:\WINDOWS\System32\Wbem;C:\Program Files\Java\jdk1.8.0_181\bin;C:\Program Files (x86)\Common Files\Oracle\Java\javapath;C:\Program Files (x86)\Intel\Intel(R) Management Engine Components\iCLS\;C:\Program Files\Intel\Intel(R) Management Engine Components\iCLS\;C:\WINDOWS\system32;C:\WINDOWS;C:\WINDOWS\System32\Wbem;C:\WINDOWS\System32\WindowsPowerShell\v1.0\;C:\Program Files (x86)\Intel\Intel(R) Management Engine Components\DAL;C:\Program Files\Intel\Intel(R) Management Engine Components\DAL;C:\Program Files (x86)\Intel\Intel(R) Management Engine Components\IPT;C:\Program Files\Intel\Intel(R) Management Engine Components\IPT;C:\Program Files\Intel\WiFi\bin\;C:\Program Files\Common Files\Intel\WirelessCommon\;C:\Users\hchitta\AppData\Local\Microsoft\WindowsApps;C:\Program Files\nodejs\;C:\Program Files\Microsoft VS Code\bin;C:\Program Files\Git\cmd;C:\Program Files\MongoDB\Server\4.0\bin;C:\HashiCorp\Vagrant\bin;C:\Program Files\PuTTY\;C:\Users\hchitta\AppData\Local\Microsoft\WindowsApps;C:\Users\hchitta\AppData\Roaming\npm;C:\Program Files\Java\jdk1.7.0_55\bin;C:\Users\hchitta\AppData\Local\atom\bin;C:\Users\hchitta\Desktop\Spring Boot\sts-4;;.]
26-10-2018 14:30:13.765 [localhost-startStop-1] INFO  o.a.c.c.C.[Tomcat].[localhost].[/].log - Initializing Spring embedded WebApplicationContext
26-10-2018 14:30:13.766 [localhost-startStop-1] INFO  o.s.web.context.ContextLoader.prepareWebApplicationContext - Root WebApplicationContext: initialization completed in 2689 ms
26-10-2018 14:30:13.899 [localhost-startStop-1] INFO  o.s.b.w.s.ServletRegistrationBean.addRegistration - Servlet dispatcherServlet mapped to [/]
26-10-2018 14:30:13.907 [localhost-startStop-1] INFO  o.s.b.w.s.FilterRegistrationBean.configure - Mapping filter: 'characterEncodingFilter' to: [/*]
26-10-2018 14:30:13.908 [localhost-startStop-1] INFO  o.s.b.w.s.FilterRegistrationBean.configure - Mapping filter: 'hiddenHttpMethodFilter' to: [/*]
26-10-2018 14:30:13.909 [localhost-startStop-1] INFO  o.s.b.w.s.FilterRegistrationBean.configure - Mapping filter: 'httpPutFormContentFilter' to: [/*]
26-10-2018 14:30:13.909 [localhost-startStop-1] INFO  o.s.b.w.s.FilterRegistrationBean.configure - Mapping filter: 'requestContextFilter' to: [/*]
26-10-2018 14:30:14.188 [main] INFO  com.zaxxer.hikari.HikariDataSource.getConnection - HikariPool-1 - Starting...
26-10-2018 14:30:15.043 [main] INFO  com.zaxxer.hikari.HikariDataSource.getConnection - HikariPool-1 - Start completed.
26-10-2018 14:30:15.105 [main] INFO  o.s.o.j.LocalContainerEntityManagerFactoryBean.createNativeEntityManagerFactory - Building JPA container EntityManagerFactory for persistence unit 'default'
26-10-2018 14:30:15.125 [main] INFO  o.h.jpa.internal.util.LogHelper.logPersistenceUnitInformation - HHH000204: Processing PersistenceUnitInfo [
	name: default
	...]
26-10-2018 14:30:15.282 [main] INFO  org.hibernate.Version.logVersion - HHH000412: Hibernate Core {5.2.17.Final}
26-10-2018 14:30:15.286 [main] INFO  org.hibernate.cfg.Environment.<clinit> - HHH000206: hibernate.properties not found
26-10-2018 14:30:15.375 [main] INFO  o.h.annotations.common.Version.<clinit> - HCANN000001: Hibernate Commons Annotations {5.0.1.Final}
26-10-2018 14:30:15.787 [main] INFO  org.hibernate.dialect.Dialect.<init> - HHH000400: Using dialect: org.hibernate.dialect.MySQL5Dialect
26-10-2018 14:30:16.425 [main] INFO  org.hibernate.tuple.PojoInstantiator.<init> - HHH000182: No default (no-argument) constructor for class: com.cdr.sdtm.model.PathToSdtmTemplate (class must be instantiated by Interceptor)
26-10-2018 14:30:16.762 [main] INFO  o.s.o.j.LocalContainerEntityManagerFactoryBean.buildNativeEntityManagerFactory - Initialized JPA EntityManagerFactory for persistence unit 'default'
26-10-2018 14:30:17.598 [main] INFO  o.s.w.s.h.SimpleUrlHandlerMapping.registerHandler - Mapped URL path [/**/favicon.ico] onto handler of type [class org.springframework.web.servlet.resource.ResourceHttpRequestHandler]
26-10-2018 14:30:17.998 [main] INFO  o.s.w.s.m.m.a.RequestMappingHandlerAdapter.initControllerAdviceCache - Looking for @ControllerAdvice: org.springframework.boot.web.servlet.context.AnnotationConfigServletWebServerApplicationContext@3daa422a: startup date [Fri Oct 26 14:30:11 IST 2018]; root of context hierarchy
26-10-2018 14:30:18.048 [main] WARN  o.s.b.a.o.j.JpaBaseConfiguration$JpaWebConfiguration$JpaWebMvcConfiguration.openEntityManagerInViewInterceptor - spring.jpa.open-in-view is enabled by default. Therefore, database queries may be performed during view rendering. Explicitly configure spring.jpa.open-in-view to disable this warning
26-10-2018 14:30:18.092 [main] INFO  o.s.w.s.m.m.a.RequestMappingHandlerMapping.register - Mapped "{[/api/CDR/study/update/{id}],methods=[PUT]}" onto public org.springframework.http.ResponseEntity<java.lang.String> com.cdr.sdtm.controller.StudyController.updateStudy(int,com.cdr.sdtm.model.Study)
26-10-2018 14:30:18.093 [main] INFO  o.s.w.s.m.m.a.RequestMappingHandlerMapping.register - Mapped "{[/api/CDR/study/validate/{studyID}],methods=[GET]}" onto public java.util.List<com.cdr.sdtm.model.Study> com.cdr.sdtm.controller.StudyController.getAllStudies(java.lang.String)
26-10-2018 14:30:18.094 [main] INFO  o.s.w.s.m.m.a.RequestMappingHandlerMapping.register - Mapped "{[/api/CDR/study/search],methods=[GET]}" onto public java.util.List<com.cdr.sdtm.model.Study> com.cdr.sdtm.controller.StudyController.getStudyById(java.lang.String,java.lang.String,java.lang.String,java.lang.String,java.lang.String)
26-10-2018 14:30:18.094 [main] INFO  o.s.w.s.m.m.a.RequestMappingHandlerMapping.register - Mapped "{[/api/CDR/study/delete/{studyID}],methods=[DELETE]}" onto public org.springframework.http.ResponseEntity<java.lang.String> com.cdr.sdtm.controller.StudyController.deleteStudy(int)
26-10-2018 14:30:18.095 [main] INFO  o.s.w.s.m.m.a.RequestMappingHandlerMapping.register - Mapped "{[/api/CDR/study/create],methods=[POST]}" onto public org.springframework.http.ResponseEntity<java.lang.String> com.cdr.sdtm.controller.StudyController.saveStudy(com.cdr.sdtm.model.Study)
26-10-2018 14:30:18.095 [main] INFO  o.s.w.s.m.m.a.RequestMappingHandlerMapping.register - Mapped "{[/api/CDR/login],methods=[GET]}" onto public org.springframework.http.ResponseEntity<com.cdr.sdtm.model.CdrUser> com.cdr.sdtm.controller.UserController.validateUser(java.lang.String,java.lang.String)
26-10-2018 14:30:18.098 [main] INFO  o.s.w.s.m.m.a.RequestMappingHandlerMapping.register - Mapped "{[/error]}" onto public org.springframework.http.ResponseEntity<java.util.Map<java.lang.String, java.lang.Object>> org.springframework.boot.autoconfigure.web.servlet.error.BasicErrorController.error(javax.servlet.http.HttpServletRequest)
26-10-2018 14:30:18.099 [main] INFO  o.s.w.s.m.m.a.RequestMappingHandlerMapping.register - Mapped "{[/error],produces=[text/html]}" onto public org.springframework.web.servlet.ModelAndView org.springframework.boot.autoconfigure.web.servlet.error.BasicErrorController.errorHtml(javax.servlet.http.HttpServletRequest,javax.servlet.http.HttpServletResponse)
26-10-2018 14:30:18.135 [main] INFO  o.s.w.s.h.SimpleUrlHandlerMapping.registerHandler - Mapped URL path [/webjars/**] onto handler of type [class org.springframework.web.servlet.resource.ResourceHttpRequestHandler]
26-10-2018 14:30:18.135 [main] INFO  o.s.w.s.h.SimpleUrlHandlerMapping.registerHandler - Mapped URL path [/**] onto handler of type [class org.springframework.web.servlet.resource.ResourceHttpRequestHandler]
26-10-2018 14:30:18.158 [main] INFO  o.s.w.s.m.m.a.ExceptionHandlerExceptionResolver.initExceptionHandlerAdviceCache - Detected @ExceptionHandler methods in customizedResponseEntityExceptionHandler
26-10-2018 14:30:18.211 [main] INFO  o.s.b.a.w.s.WelcomePageHandlerMapping.<init> - Adding welcome page: class path resource [static/index.html]
26-10-2018 14:30:18.515 [main] INFO  o.s.j.e.a.AnnotationMBeanExporter.afterSingletonsInstantiated - Registering beans for JMX exposure on startup
26-10-2018 14:30:18.517 [main] INFO  o.s.j.e.a.AnnotationMBeanExporter.autodetect - Bean with name 'dataSource' has been autodetected for JMX exposure
26-10-2018 14:30:18.524 [main] INFO  o.s.j.e.a.AnnotationMBeanExporter.registerBeanInstance - Located MBean 'dataSource': registering with JMX server as MBean [com.zaxxer.hikari:name=dataSource,type=HikariDataSource]
26-10-2018 14:30:18.534 [main] INFO  o.a.coyote.http11.Http11NioProtocol.log - Starting ProtocolHandler ["http-nio-8080"]
26-10-2018 14:30:18.555 [main] INFO  o.a.tomcat.util.net.NioSelectorPool.log - Using a shared selector for servlet write/read
26-10-2018 14:30:18.574 [main] INFO  o.s.b.w.e.tomcat.TomcatWebServer.start - Tomcat started on port(s): 8080 (http) with context path ''
26-10-2018 14:30:18.579 [main] INFO  com.cdr.sdtm.CdrSdtmApplication.logStarted - Started CdrSdtmApplication in 8.269 seconds (JVM running for 9.469)
